## SLURM PROLOG ###############################################################
##    Job ID : 15845837
##  Job Name : NoisyStudentCub
##  Nodelist : gpu2008
##      CPUs : 
##  Mem/Node : 4096 MB
## Directory : /gpfs/home/tjiang12
##   Started : Wed Dec  9 00:09:34 EST 2020
###############################################################################
module: unloading 'python/3.7.4'
module: loading 'python/3.7.4'
/users/tjiang12/scratch/resnet50_CUB200_66pct
Epoch 0/99
----------
Psuedolabeled run
1 / 258 0 seconds
ETA: 0:00:55
Pseudolabel acc.: tensor(0.5625, device='cuda:0')
tensor([ 99,  84,  99, 131, 180,  99,  99,  84,  16,  16], device='cuda:0') tensor([ 96, 143,  54, 194,  46,  96, 188,  89, 149, 121], device='cuda:0') tensor(0, device='cuda:0') out of 10
201 / 258 69 seconds
ETA: 0:00:20
Pseudolabel acc.: tensor(0.6250, device='cuda:0')
tensor([ 73, 198, 142,  28, 179,  83,  42, 179,  18,  46], device='cuda:0') tensor([ 73,  68,  91,  25, 179,  83, 156, 179,  18, 176], device='cuda:0') tensor(5, device='cuda:0') out of 10
train Loss: 3.5250 Acc: 0.2213
1 / 111 0 seconds
ETA: 0:00:21
Pseudolabel acc.: tensor(0.7188, device='cuda:0')
tensor([119,   0,  25, 118, 142, 155,  32,  89, 196,  14], device='cuda:0') tensor([124,   1,  10, 127, 143, 155, 113,  89,  75,  14], device='cuda:0') tensor(3, device='cuda:0') out of 10
val Loss: 2.9163 Acc: 0.3006
UPDATE: 0.0 to tensor(0.3006, device='cuda:0', dtype=torch.float64)
Saving model to /users/tjiang12/scratch/noisystudent_CUB200_100_2020-12-09_00:09:44.862611

Epoch 1/99
----------
Psuedolabeled run
1 / 258 0 seconds
ETA: 0:00:47
Pseudolabel acc.: tensor(0.6562, device='cuda:0')
tensor([ 99,  72,  83,  70,  48,  70,  91,  96, 119,  20], device='cuda:0') tensor([ 99,  53, 171, 145,   8, 146,  91,  96, 196,  20], device='cuda:0') tensor(4, device='cuda:0') out of 10
201 / 258 69 seconds
ETA: 0:00:20
Pseudolabel acc.: tensor(0.6562, device='cuda:0')
tensor([184,  48,  52,  48, 157,  45,  23,   3,  84, 127], device='cuda:0') tensor([ 99,  48,  52,  48, 135,  45,  23,  12,  84, 124], device='cuda:0') tensor(6, device='cuda:0') out of 10
train Loss: 2.4090 Acc: 0.3919
1 / 111 0 seconds
ETA: 0:00:21
Pseudolabel acc.: tensor(0.7500, device='cuda:0')
tensor([  8,  20,  76,  78,  18,  60, 157, 185,   3,  20], device='cuda:0') tensor([ 28, 121,  76,  78,  18,  60, 164, 153,  53,  94], device='cuda:0') tensor(4, device='cuda:0') out of 10
val Loss: 2.7981 Acc: 0.3439
UPDATE: tensor(0.3006, device='cuda:0', dtype=torch.float64) to tensor(0.3439, device='cuda:0', dtype=torch.float64)
Saving model to /users/tjiang12/scratch/noisystudent_CUB200_100_2020-12-09_00:09:44.862611

Epoch 2/99
----------
Psuedolabeled run
1 / 258 0 seconds
ETA: 0:00:48
Pseudolabel acc.: tensor(0.6250, device='cuda:0')
tensor([160, 127, 185,  85, 195,  44, 185, 103,  96,  35], device='cuda:0') tensor([175,  38, 102,  51, 198, 140, 185, 120, 135,  35], device='cuda:0') tensor(2, device='cuda:0') out of 10
201 / 258 69 seconds
ETA: 0:00:20
Pseudolabel acc.: tensor(0.5938, device='cuda:0')
tensor([ 52,  48, 101, 157,  72,   6, 188,  15, 171, 116], device='cuda:0') tensor([ 52,  48,  37, 157,  73,  25, 189,  15, 171, 118], device='cuda:0') tensor(5, device='cuda:0') out of 10
train Loss: 2.0655 Acc: 0.4704
1 / 111 0 seconds
ETA: 0:00:21
Pseudolabel acc.: tensor(0.6562, device='cuda:0')
tensor([196, 112,  67,  59, 179,  72, 198, 166,  14,  13], device='cuda:0') tensor([196, 112,  66,  59, 179,  73, 198, 166,  53,  13], device='cuda:0') tensor(7, device='cuda:0') out of 10
val Loss: 2.2591 Acc: 0.4256
UPDATE: tensor(0.3439, device='cuda:0', dtype=torch.float64) to tensor(0.4256, device='cuda:0', dtype=torch.float64)
Saving model to /users/tjiang12/scratch/noisystudent_CUB200_100_2020-12-09_00:09:44.862611

Epoch 3/99
----------
Psuedolabeled run
1 / 258 0 seconds
ETA: 0:00:48
Pseudolabel acc.: tensor(0.5625, device='cuda:0')
tensor([107,   6,  31,  62,  46, 119, 128, 172, 163, 122], device='cuda:0') tensor([ 19, 105,  81,  63,  46,  53, 123, 165, 163, 122], device='cuda:0') tensor(3, device='cuda:0') out of 10
201 / 258 69 seconds
ETA: 0:00:20
Pseudolabel acc.: tensor(0.5000, device='cuda:0')
tensor([109,   2, 116,  69,  83,  76,  35, 101,  10, 140], device='cuda:0') tensor([109,  70, 116,  69, 105,  76,  35, 102,  10, 140], device='cuda:0') tensor(7, device='cuda:0') out of 10
train Loss: 1.9165 Acc: 0.5039
1 / 111 0 seconds
ETA: 0:00:20
Pseudolabel acc.: tensor(0.5000, device='cuda:0')
tensor([116,  62,  70, 186, 100, 184, 197,  23,  51,  24], device='cuda:0') tensor([134,  62, 143, 186, 105, 184, 197,   6,  50,   0], device='cuda:0') tensor(4, device='cuda:0') out of 10
val Loss: 2.2571 Acc: 0.4364
UPDATE: tensor(0.4256, device='cuda:0', dtype=torch.float64) to tensor(0.4364, device='cuda:0', dtype=torch.float64)
Saving model to /users/tjiang12/scratch/noisystudent_CUB200_100_2020-12-09_00:09:44.862611

Epoch 4/99
----------
Psuedolabeled run
1 / 258 0 seconds
ETA: 0:00:46
Pseudolabel acc.: tensor(0.6250, device='cuda:0')
tensor([116, 151,  32,  14,  65, 146,  69,   2,  45, 125], device='cuda:0') tensor([114, 151,  89, 163,  65, 140,  69,   2, 118, 125], device='cuda:0') tensor(5, device='cuda:0') out of 10
201 / 258 69 seconds
ETA: 0:00:20
Pseudolabel acc.: tensor(0.7500, device='cuda:0')
tensor([184, 165,  51,  35, 165,  41,  46,  47, 165,  81], device='cuda:0') tensor([184,  47,  51,  90, 176,  41,  95,  47, 165, 192], device='cuda:0') tensor(5, device='cuda:0') out of 10
train Loss: 1.7887 Acc: 0.5254
1 / 111 0 seconds
ETA: 0:00:21
Pseudolabel acc.: tensor(0.4688, device='cuda:0')
tensor([149,  58,   3, 191,   7,  37,  53,  72,  33,  32], device='cuda:0') tensor([119,  58,  48,  27,  49,  37,  53,  72,  33,  39], device='cuda:0') tensor(5, device='cuda:0') out of 10
val Loss: 2.2017 Acc: 0.4641
UPDATE: tensor(0.4364, device='cuda:0', dtype=torch.float64) to tensor(0.4641, device='cuda:0', dtype=torch.float64)
Saving model to /users/tjiang12/scratch/noisystudent_CUB200_100_2020-12-09_00:09:44.862611

Epoch 5/99
----------
Psuedolabeled run
1 / 258 0 seconds
ETA: 0:00:50
Pseudolabel acc.: tensor(0.5312, device='cuda:0')
tensor([ 60,  45, 181,  90,  10,   5, 174, 136, 103,  35], device='cuda:0') tensor([ 60,   1, 181, 101,   9,   6, 125, 135, 103,  35], device='cuda:0') tensor(4, device='cuda:0') out of 10
201 / 258 70 seconds
ETA: 0:00:20
Pseudolabel acc.: tensor(0.6562, device='cuda:0')
tensor([154,  41, 189, 125,  52,  20,  93, 112, 139, 158], device='cuda:0') tensor([178,  41, 189, 125,  52,  20, 158, 120, 139, 158], device='cuda:0') tensor(7, device='cuda:0') out of 10
train Loss: 1.7219 Acc: 0.5395
1 / 111 0 seconds
ETA: 0:00:21
Pseudolabel acc.: tensor(0.6562, device='cuda:0')
tensor([107, 192, 156, 169, 149,  89, 139,  28,  35, 165], device='cuda:0') tensor([ 49,  74, 151,   3,  87,  89,  16, 107,  35, 176], device='cuda:0') tensor(2, device='cuda:0') out of 10
val Loss: 2.0023 Acc: 0.4816
UPDATE: tensor(0.4641, device='cuda:0', dtype=torch.float64) to tensor(0.4816, device='cuda:0', dtype=torch.float64)
Saving model to /users/tjiang12/scratch/noisystudent_CUB200_100_2020-12-09_00:09:44.862611

Epoch 6/99
----------
Psuedolabeled run
1 / 258 0 seconds
ETA: 0:00:48
Pseudolabel acc.: tensor(0.5625, device='cuda:0')
tensor([109, 110,  37, 176,  28, 169, 113, 132,  82,  97], device='cuda:0') tensor([121, 110,  76, 176,  22, 178, 113, 132,  82,  97], device='cuda:0') tensor(6, device='cuda:0') out of 10
201 / 258 70 seconds
ETA: 0:00:20
Pseudolabel acc.: tensor(0.5938, device='cuda:0')
tensor([ 65, 110,  55, 194,  99, 176,   3, 139,   1, 125], device='cuda:0') tensor([ 65, 110,  90, 194,  70, 176, 113, 139,   1, 125], device='cuda:0') tensor(7, device='cuda:0') out of 10
train Loss: 1.6592 Acc: 0.5618
1 / 111 0 seconds
ETA: 0:00:20
Pseudolabel acc.: tensor(0.5625, device='cuda:0')
tensor([195,  69, 139,  60,  53, 166,  70, 169, 199,  35], device='cuda:0') tensor([198,  69, 139,   2, 108, 166,  93, 169, 199,  35], device='cuda:0') tensor(6, device='cuda:0') out of 10
val Loss: 1.8688 Acc: 0.5017
UPDATE: tensor(0.4816, device='cuda:0', dtype=torch.float64) to tensor(0.5017, device='cuda:0', dtype=torch.float64)
Saving model to /users/tjiang12/scratch/noisystudent_CUB200_100_2020-12-09_00:09:44.862611

Epoch 7/99
----------
Psuedolabeled run
1 / 258 0 seconds
ETA: 0:00:49
Pseudolabel acc.: tensor(0.5938, device='cuda:0')
tensor([ 60,   8,  16, 120, 185,  51, 195,  38, 160,  32], device='cuda:0') tensor([ 60,  29,  16,  36,  45,  51,  96,  38, 160,  32], device='cuda:0') tensor(6, device='cuda:0') out of 10
201 / 258 70 seconds
ETA: 0:00:20
Pseudolabel acc.: tensor(0.5625, device='cuda:0')
tensor([187, 165,  69, 177,  51, 132,  35,  82, 149,   8], device='cuda:0') tensor([ 23, 132,  69, 177,  51,  97,  35,  82, 149,  28], device='cuda:0') tensor(6, device='cuda:0') out of 10
train Loss: 1.5501 Acc: 0.5852
1 / 111 0 seconds
ETA: 0:00:21
Pseudolabel acc.: tensor(0.4375, device='cuda:0')
tensor([ 33, 120, 154, 166, 104,  26, 176, 196, 149,  64], device='cuda:0') tensor([ 33, 124, 173, 166,  91,  48, 176, 195, 149,  64], device='cuda:0') tensor(5, device='cuda:0') out of 10
val Loss: 1.7612 Acc: 0.5331
UPDATE: tensor(0.5017, device='cuda:0', dtype=torch.float64) to tensor(0.5331, device='cuda:0', dtype=torch.float64)
Saving model to /users/tjiang12/scratch/noisystudent_CUB200_100_2020-12-09_00:09:44.862611

Epoch 8/99
----------
Psuedolabeled run
1 / 258 0 seconds
ETA: 0:00:47
Pseudolabel acc.: tensor(0.4375, device='cuda:0')
tensor([162, 160,  39, 187, 151, 143,  53,  14, 114, 180], device='cuda:0') tensor([164, 160, 195, 187, 151, 143,  53, 103, 132, 152], device='cuda:0') tensor(5, device='cuda:0') out of 10
201 / 258 70 seconds
ETA: 0:00:20
Pseudolabel acc.: tensor(0.5938, device='cuda:0')
tensor([196, 133, 173,  49,  18,  67,   1,  78, 179,  73], device='cuda:0') tensor([127, 133, 175,  49,  18,  67,   1,  78, 179, 110], device='cuda:0') tensor(7, device='cuda:0') out of 10
train Loss: 1.5338 Acc: 0.5785
1 / 111 0 seconds
ETA: 0:00:20
Pseudolabel acc.: tensor(0.5312, device='cuda:0')
tensor([ 87,  96, 106,  48, 163, 184,  91,  65, 159, 101], device='cuda:0') tensor([ 87,  96, 107,   8, 163, 184,  91,  59, 159,  95], device='cuda:0') tensor(6, device='cuda:0') out of 10
val Loss: 1.7506 Acc: 0.5416
UPDATE: tensor(0.5331, device='cuda:0', dtype=torch.float64) to tensor(0.5416, device='cuda:0', dtype=torch.float64)
Saving model to /users/tjiang12/scratch/noisystudent_CUB200_100_2020-12-09_00:09:44.862611

Epoch 9/99
----------
Psuedolabeled run
1 / 258 0 seconds
ETA: 0:00:48
Pseudolabel acc.: tensor(0.7188, device='cuda:0')
tensor([ 48,  90, 147,   6, 157,  54,  42, 153, 192,   1], device='cuda:0') tensor([  8,  38, 147,  60, 157,  54, 174, 153, 127,  37], device='cuda:0') tensor(4, device='cuda:0') out of 10
201 / 258 70 seconds
ETA: 0:00:20
Pseudolabel acc.: tensor(0.4375, device='cuda:0')
tensor([  3, 116, 178, 138, 132, 180,  55, 180,  93, 159], device='cuda:0') tensor([ 78, 116, 178, 138, 102, 180, 118, 124,  93, 159], device='cuda:0') tensor(6, device='cuda:0') out of 10
train Loss: 1.4872 Acc: 0.5966
1 / 111 0 seconds
ETA: 0:00:21
Pseudolabel acc.: tensor(0.5625, device='cuda:0')
tensor([128,  53,  24,  30, 179,  41,   3,  77,  87,  53], device='cuda:0') tensor([123,  53,  23,  92, 179,  41,   3,   3, 167,  53], device='cuda:0') tensor(5, device='cuda:0') out of 10
val Loss: 1.9278 Acc: 0.5141

Epoch 10/99
----------
Psuedolabeled run
1 / 258 0 seconds
ETA: 0:00:48
Pseudolabel acc.: tensor(0.6875, device='cuda:0')
tensor([180,  93, 113,  14,  79,  45, 185,  31, 185,   9], device='cuda:0') tensor([180,  93, 113,  14,  79,  35, 185, 135, 185,   9], device='cuda:0') tensor(8, device='cuda:0') out of 10
201 / 258 70 seconds
ETA: 0:00:20
Pseudolabel acc.: tensor(0.5938, device='cuda:0')
tensor([  8, 115,  62, 161,  54, 181,  37,  46, 116,  55], device='cuda:0') tensor([  8, 129,  62, 161,  54, 181,  37,  46, 116,  55], device='cuda:0') tensor(9, device='cuda:0') out of 10
train Loss: 1.4030 Acc: 0.6165
1 / 111 0 seconds
ETA: 0:00:22
Pseudolabel acc.: tensor(0.5000, device='cuda:0')
tensor([123,  37, 161, 101, 130,  55, 131, 174, 113,  48], device='cuda:0') tensor([123,  37, 161, 101, 158,  55, 131, 174, 183,  48], device='cuda:0') tensor(8, device='cuda:0') out of 10
val Loss: 1.8849 Acc: 0.5271

Epoch 11/99
----------
Psuedolabeled run
1 / 258 0 seconds
ETA: 0:00:49
Pseudolabel acc.: tensor(0.6250, device='cuda:0')
tensor([ 94,  64,  91, 192, 177, 146,  44,  41, 142,  40], device='cuda:0') tensor([ 94,  44,  91,   3,  30, 146, 198, 138, 142, 131], device='cuda:0') tensor(4, device='cuda:0') out of 10
201 / 258 70 seconds
ETA: 0:00:20
Pseudolabel acc.: tensor(0.3750, device='cuda:0')
tensor([ 45,  72, 192, 101, 162, 163,   2,  93, 142,  51], device='cuda:0') tensor([ 45,  72, 117, 134, 162,  17,  71,  93, 140, 100], device='cuda:0') tensor(4, device='cuda:0') out of 10
train Loss: 1.4018 Acc: 0.6134
1 / 111 0 seconds
ETA: 0:00:20
Pseudolabel acc.: tensor(0.5312, device='cuda:0')
tensor([ 37,  75,  37,  58,  58, 184, 108, 134,  60, 151], device='cuda:0') tensor([ 94, 132,  42, 136,  58, 174, 108, 134,  91, 151], device='cuda:0') tensor(4, device='cuda:0') out of 10
val Loss: 1.7858 Acc: 0.5337

Epoch 12/99
----------
Psuedolabeled run
1 / 258 0 seconds
ETA: 0:00:49
Pseudolabel acc.: tensor(0.5625, device='cuda:0')
tensor([ 37,  87,  74, 115,  80, 152,  47,  84,  15,  37], device='cuda:0') tensor([ 34,  95,  74, 118,  80, 154,  47,  84,  43,  90], device='cuda:0') tensor(4, device='cuda:0') out of 10
201 / 258 70 seconds
ETA: 0:00:20
Pseudolabel acc.: tensor(0.7812, device='cuda:0')
tensor([130, 163, 182, 142,  40,  99, 179, 151,  86, 197], device='cuda:0') tensor([126, 163, 182, 144,  40,  52, 179, 178,  86, 173], device='cuda:0') tensor(5, device='cuda:0') out of 10
train Loss: 1.3715 Acc: 0.6189
1 / 111 0 seconds
ETA: 0:00:21
Pseudolabel acc.: tensor(0.5312, device='cuda:0')
tensor([182,  52,  92, 123,  68,  44,  53, 135,  79, 157], device='cuda:0') tensor([182,  52,  92, 123,  68,  59,  53, 135,  79, 152], device='cuda:0') tensor(8, device='cuda:0') out of 10
val Loss: 1.6619 Acc: 0.5594
UPDATE: tensor(0.5416, device='cuda:0', dtype=torch.float64) to tensor(0.5594, device='cuda:0', dtype=torch.float64)
Saving model to /users/tjiang12/scratch/noisystudent_CUB200_100_2020-12-09_00:09:44.862611

Epoch 13/99
----------
Psuedolabeled run
1 / 258 0 seconds
ETA: 0:00:51
Pseudolabel acc.: tensor(0.6562, device='cuda:0')
tensor([ 30,  97,  83,  32,  58,  57,  49,  35, 155,  16], device='cuda:0') tensor([ 30,  74,  83,  18,  58, 182,  49,  35, 155,  41], device='cuda:0') tensor(6, device='cuda:0') out of 10
201 / 258 70 seconds
ETA: 0:00:20
Pseudolabel acc.: tensor(0.5938, device='cuda:0')
tensor([  9, 178, 133,  32,  56, 177, 131,  69, 172, 184], device='cuda:0') tensor([  9, 178, 133,  32,  56, 177, 131,  69, 172, 184], device='cuda:0') tensor(10, device='cuda:0') out of 10
train Loss: 1.3154 Acc: 0.6329
1 / 111 0 seconds
ETA: 0:00:20
Pseudolabel acc.: tensor(0.5625, device='cuda:0')
tensor([182,  65, 116,   5, 115,  13,  46,  40, 158,  34], device='cuda:0') tensor([182,   1,  78,  59, 115,  13,  46,  41, 158,  34], device='cuda:0') tensor(6, device='cuda:0') out of 10
val Loss: 1.6921 Acc: 0.5518

Epoch 14/99
----------
Psuedolabeled run
1 / 258 0 seconds
ETA: 0:00:50
Pseudolabel acc.: tensor(0.5938, device='cuda:0')
tensor([167, 184, 107,  76, 142, 132, 123,  17, 108, 157], device='cuda:0') tensor([167, 184, 107,  30,  59, 118, 123,  17, 108, 157], device='cuda:0') tensor(7, device='cuda:0') out of 10
201 / 258 70 seconds
ETA: 0:00:20
Pseudolabel acc.: tensor(0.6875, device='cuda:0')
tensor([ 54, 190, 152, 115,  23,  13,  67,  34, 116, 184], device='cuda:0') tensor([ 54, 190, 152, 115,  23,  69,  67,  34, 116, 184], device='cuda:0') tensor(9, device='cuda:0') out of 10
train Loss: 1.3246 Acc: 0.6289
1 / 111 0 seconds
ETA: 0:00:21
Pseudolabel acc.: tensor(0.5625, device='cuda:0')
tensor([ 18,  27, 176,   7,  28,  25, 183, 161,  71, 154], device='cuda:0') tensor([ 28,  27, 176, 143, 133,  25, 182, 167, 131, 154], device='cuda:0') tensor(4, device='cuda:0') out of 10
val Loss: 1.6579 Acc: 0.5583

Epoch 15/99
----------
Psuedolabeled run
1 / 258 0 seconds
ETA: 0:00:49
Pseudolabel acc.: tensor(0.5938, device='cuda:0')
tensor([158, 153, 134,  23, 100,  87, 135, 177,   4, 199], device='cuda:0') tensor([158, 153, 111,  22, 100,  87, 180, 192,   6, 199], device='cuda:0') tensor(5, device='cuda:0') out of 10
201 / 258 70 seconds
ETA: 0:00:20
Pseudolabel acc.: tensor(0.6250, device='cuda:0')
tensor([ 87, 139,  71, 153,  44, 126, 120,  70,  71,   4], device='cuda:0') tensor([ 87, 139,  91, 153,   1, 126, 120,  70,   7,   6], device='cuda:0') tensor(6, device='cuda:0') out of 10
train Loss: 1.3415 Acc: 0.6276
1 / 111 0 seconds
ETA: 0:00:20
Pseudolabel acc.: tensor(0.7188, device='cuda:0')
tensor([174, 164,  41,  27, 168,  65,  61, 107,   0, 107], device='cuda:0') tensor([174, 164,  41,  27, 168,  65,  63,   4,   0,  26], device='cuda:0') tensor(7, device='cuda:0') out of 10
val Loss: 1.5629 Acc: 0.5868
UPDATE: tensor(0.5594, device='cuda:0', dtype=torch.float64) to tensor(0.5868, device='cuda:0', dtype=torch.float64)
Saving model to /users/tjiang12/scratch/noisystudent_CUB200_100_2020-12-09_00:09:44.862611

Epoch 16/99
----------
Psuedolabeled run
1 / 258 0 seconds
ETA: 0:00:47
Pseudolabel acc.: tensor(0.5938, device='cuda:0')
tensor([ 79, 132,  67,  81,  25, 140,  66,  91, 199,  73], device='cuda:0') tensor([ 79, 132,  66,  81,  26, 146,  66,  91, 199,  72], device='cuda:0') tensor(6, device='cuda:0') out of 10
201 / 258 70 seconds
ETA: 0:00:20
Pseudolabel acc.: tensor(0.7812, device='cuda:0')
tensor([154, 155, 194,  37, 172, 164,  46, 146, 108,   7], device='cuda:0') tensor([128, 155, 194,  90, 172, 165,  46, 146, 108,   7], device='cuda:0') tensor(7, device='cuda:0') out of 10
train Loss: 1.2717 Acc: 0.6457
1 / 111 0 seconds
ETA: 0:00:20
Pseudolabel acc.: tensor(0.7188, device='cuda:0')
tensor([ 48, 148, 188,  22,  82, 152, 161, 176, 161,  46], device='cuda:0') tensor([ 48, 148, 188,  22,  82, 152, 161, 176, 161,  46], device='cuda:0') tensor(10, device='cuda:0') out of 10
val Loss: 1.5971 Acc: 0.5891
UPDATE: tensor(0.5868, device='cuda:0', dtype=torch.float64) to tensor(0.5891, device='cuda:0', dtype=torch.float64)
Saving model to /users/tjiang12/scratch/noisystudent_CUB200_100_2020-12-09_00:09:44.862611

Epoch 17/99
----------
Psuedolabeled run
1 / 258 0 seconds
ETA: 0:00:46
Pseudolabel acc.: tensor(0.6875, device='cuda:0')
tensor([ 28,  82,   0, 163, 192,  75, 187, 184,  99,  80], device='cuda:0') tensor([  3,  82,   2, 163, 132, 136, 187, 184,  99, 114], device='cuda:0') tensor(5, device='cuda:0') out of 10
201 / 258 70 seconds
ETA: 0:00:20
Pseudolabel acc.: tensor(0.5625, device='cuda:0')
tensor([ 32, 176,  37,  95, 172,  71,  95, 104,  66, 198], device='cuda:0') tensor([ 32, 176, 161,  95, 125,  71,  95, 104, 102, 198], device='cuda:0') tensor(7, device='cuda:0') out of 10
train Loss: 1.2419 Acc: 0.6512
1 / 111 0 seconds
ETA: 0:00:20
Pseudolabel acc.: tensor(0.6250, device='cuda:0')
tensor([ 38, 198,  15, 120, 142, 178, 187,   1, 182, 120], device='cuda:0') tensor([ 38, 196,  15, 102,  40, 195, 187,  92, 182, 120], device='cuda:0') tensor(5, device='cuda:0') out of 10
val Loss: 1.5413 Acc: 0.5857

Epoch 18/99
----------
Psuedolabeled run
1 / 258 0 seconds
ETA: 0:00:49
Pseudolabel acc.: tensor(0.5625, device='cuda:0')
tensor([110, 177,  25,  87,  78, 161, 123,  69,  30,  70], device='cuda:0') tensor([170, 118,  35, 126,  78, 161, 123,  69, 187,  70], device='cuda:0') tensor(5, device='cuda:0') out of 10
201 / 258 70 seconds
ETA: 0:00:20
Pseudolabel acc.: tensor(0.5938, device='cuda:0')
tensor([140, 123,  34, 195,   8, 137, 151,  53, 152,  80], device='cuda:0') tensor([ 22, 123,  34, 184, 107, 137,  32,  33, 152, 106], device='cuda:0') tensor(4, device='cuda:0') out of 10
train Loss: 1.2462 Acc: 0.6481
1 / 111 0 seconds
ETA: 0:00:20
Pseudolabel acc.: tensor(0.5000, device='cuda:0')
tensor([142, 196, 179,  21,  73,  81,  68, 114, 172, 144], device='cuda:0') tensor([142, 134, 179,  21,  73,  81,  68, 116, 179, 140], device='cuda:0') tensor(6, device='cuda:0') out of 10
val Loss: 1.5557 Acc: 0.5817

Epoch 19/99
----------
Psuedolabeled run
1 / 258 0 seconds
ETA: 0:00:48
Pseudolabel acc.: tensor(0.6250, device='cuda:0')
tensor([126,  25,  95,  28,  70, 182,  13, 199, 195,   6], device='cuda:0') tensor([128,  25,  95,  28,  70, 104,  73, 199, 196,   6], device='cuda:0') tensor(6, device='cuda:0') out of 10
201 / 258 70 seconds
ETA: 0:00:20
Pseudolabel acc.: tensor(0.6250, device='cuda:0')
tensor([ 40,   5,  64, 185, 190,  61, 142, 117,  17,  48], device='cuda:0') tensor([103,   5,  92, 185, 190,  61, 142, 132,  17,  25], device='cuda:0') tensor(6, device='cuda:0') out of 10
train Loss: 1.2086 Acc: 0.6552
1 / 111 0 seconds
ETA: 0:00:20
Pseudolabel acc.: tensor(0.6875, device='cuda:0')
tensor([155,  44,  82, 187, 162, 130, 117,  88, 138, 191], device='cuda:0') tensor([155,  44,  82,  23, 162, 130, 136,  88, 138, 187], device='cuda:0') tensor(7, device='cuda:0') out of 10
val Loss: 1.4835 Acc: 0.5995
UPDATE: tensor(0.5891, device='cuda:0', dtype=torch.float64) to tensor(0.5995, device='cuda:0', dtype=torch.float64)
Saving model to /users/tjiang12/scratch/noisystudent_CUB200_100_2020-12-09_00:09:44.862611

Epoch 20/99
----------
Psuedolabeled run
1 / 258 0 seconds
ETA: 0:00:44
Pseudolabel acc.: tensor(0.6250, device='cuda:0')
tensor([ 62, 171, 161,  54,  30,  36, 180, 102, 178,  25], device='cuda:0') tensor([ 64, 171,  98,  54,  30,  36,  62,  90, 157,  25], device='cuda:0') tensor(5, device='cuda:0') out of 10
201 / 258 70 seconds
ETA: 0:00:20
Pseudolabel acc.: tensor(0.7188, device='cuda:0')
tensor([104, 140, 110,  50,  18,  24, 146, 158, 199, 137], device='cuda:0') tensor([104,  44, 110,  50,  18,  22, 146, 158, 199, 137], device='cuda:0') tensor(8, device='cuda:0') out of 10
train Loss: 1.2075 Acc: 0.6607
1 / 111 0 seconds
ETA: 0:00:20
Pseudolabel acc.: tensor(0.6875, device='cuda:0')
tensor([  2,  59,   2,  91, 153, 140, 192, 151, 145,  30], device='cuda:0') tensor([  2,   9,   2,  91, 153,  47, 192, 152, 145,  30], device='cuda:0') tensor(7, device='cuda:0') out of 10
val Loss: 1.4889 Acc: 0.5880

Epoch 21/99
----------
Psuedolabeled run
1 / 258 0 seconds
ETA: 0:00:48
Pseudolabel acc.: tensor(0.5938, device='cuda:0')
tensor([ 28,  72,  34, 124, 185,  29,  79,  61, 177, 197], device='cuda:0') tensor([ 28,  72,  34, 124, 185, 187,  79,  65, 180, 135], device='cuda:0') tensor(6, device='cuda:0') out of 10
201 / 258 70 seconds
ETA: 0:00:20
Pseudolabel acc.: tensor(0.6875, device='cuda:0')
tensor([189,  74,  25, 154,  75, 127, 196, 183, 195,  74], device='cuda:0') tensor([189,  74,   0, 154,  75,  87, 196, 183, 195, 199], device='cuda:0') tensor(7, device='cuda:0') out of 10
train Loss: 1.1914 Acc: 0.6625
1 / 111 0 seconds
ETA: 0:00:21
Pseudolabel acc.: tensor(0.6562, device='cuda:0')
tensor([139, 108,  70,  13,  96, 172,  75, 164, 151, 172], device='cuda:0') tensor([139, 108,  70,  13,  96, 179,  75, 164, 151,  30], device='cuda:0') tensor(8, device='cuda:0') out of 10
val Loss: 1.4662 Acc: 0.6075
UPDATE: tensor(0.5995, device='cuda:0', dtype=torch.float64) to tensor(0.6075, device='cuda:0', dtype=torch.float64)
Saving model to /users/tjiang12/scratch/noisystudent_CUB200_100_2020-12-09_00:09:44.862611

Epoch 22/99
----------
Psuedolabeled run
1 / 258 0 seconds
ETA: 0:00:47
Pseudolabel acc.: tensor(0.5312, device='cuda:0')
tensor([ 32, 187, 107, 157, 197, 130,  20,  30,  54,  16], device='cuda:0') tensor([192, 187,  29, 157, 195, 149,  20,  30,  54,  16], device='cuda:0') tensor(6, device='cuda:0') out of 10
201 / 258 70 seconds
ETA: 0:00:20
Pseudolabel acc.: tensor(0.6562, device='cuda:0')
tensor([ 41,   1,   0, 153,   2, 110, 101, 172, 151, 169], device='cuda:0') tensor([ 55,  89,   0, 153,  24, 110, 101, 172, 151, 169], device='cuda:0') tensor(7, device='cuda:0') out of 10
train Loss: 1.1682 Acc: 0.6698
1 / 111 0 seconds
ETA: 0:00:21
Pseudolabel acc.: tensor(0.4375, device='cuda:0')
tensor([187, 128, 162,  34, 177,  91, 109, 182, 116,  59], device='cuda:0') tensor([187, 130, 175,  34,  64,  91, 146, 182, 116,  49], device='cuda:0') tensor(5, device='cuda:0') out of 10
val Loss: 1.4918 Acc: 0.5877

Epoch 23/99
----------
Psuedolabeled run
1 / 258 0 seconds
ETA: 0:00:50
Pseudolabel acc.: tensor(0.5625, device='cuda:0')
tensor([ 39,  62, 115, 187, 175, 174, 167,  64,  13,   2], device='cuda:0') tensor([ 39,  62, 129,  31, 181, 174, 167, 141,  13,   2], device='cuda:0') tensor(6, device='cuda:0') out of 10
201 / 258 70 seconds
ETA: 0:00:20
Pseudolabel acc.: tensor(0.5938, device='cuda:0')
tensor([ 32, 195,  86,  14,  86, 142, 132,  57,  54, 189], device='cuda:0') tensor([185, 195,  86, 159,  86, 142, 132,  57,  54, 189], device='cuda:0') tensor(8, device='cuda:0') out of 10
train Loss: 1.1622 Acc: 0.6669
1 / 111 0 seconds
ETA: 0:00:20
Pseudolabel acc.: tensor(0.5000, device='cuda:0')
tensor([159,  12, 107, 185, 158,  24, 180,  40, 147,  95], device='cuda:0') tensor([159,  12, 107, 185, 158,  48, 180, 135, 165,  95], device='cuda:0') tensor(7, device='cuda:0') out of 10
val Loss: 1.4739 Acc: 0.5962

Epoch 24/99
----------
Psuedolabeled run
1 / 258 0 seconds
ETA: 0:00:47
Pseudolabel acc.: tensor(0.6250, device='cuda:0')
tensor([ 45,  53, 181,  48,   6, 110, 147, 128, 135,  27], device='cuda:0') tensor([ 64,  53, 179,  48,   6, 110, 151, 128, 135,  27], device='cuda:0') tensor(7, device='cuda:0') out of 10
201 / 258 70 seconds
ETA: 0:00:20
Pseudolabel acc.: tensor(0.5625, device='cuda:0')
tensor([ 43, 122,  70, 141, 190,  47, 122,  55, 173, 173], device='cuda:0') tensor([106, 196,  28, 141, 190,  47, 122, 185, 173, 173], device='cuda:0') tensor(6, device='cuda:0') out of 10
train Loss: 1.1399 Acc: 0.6801
1 / 111 0 seconds
ETA: 0:00:21
Pseudolabel acc.: tensor(0.5000, device='cuda:0')
tensor([121,  47,  65,  54, 169,  20,  84,  48,   6, 168], device='cuda:0') tensor([132, 185,  64,  54, 172,  20,  84,   3, 107, 168], device='cuda:0') tensor(4, device='cuda:0') out of 10
val Loss: 1.5577 Acc: 0.5732

Epoch 25/99
----------
Psuedolabeled run
1 / 258 0 seconds
ETA: 0:00:46
Pseudolabel acc.: tensor(0.5625, device='cuda:0')
tensor([199, 184, 147,  94,  17,  81, 126,  92,   0,  59], device='cuda:0') tensor([199, 110, 147,  94,  17,  81, 126,  92,   0,  77], device='cuda:0') tensor(8, device='cuda:0') out of 10
201 / 258 70 seconds
ETA: 0:00:20
Pseudolabel acc.: tensor(0.5938, device='cuda:0')
tensor([ 30,  89, 111,  57, 199, 127,  65,  98,  92,  17], device='cuda:0') tensor([148,  89, 110, 105, 199, 127,  65,  98,  92,  17], device='cuda:0') tensor(7, device='cuda:0') out of 10
train Loss: 1.1509 Acc: 0.6723
1 / 111 0 seconds
ETA: 0:00:21
Pseudolabel acc.: tensor(0.5938, device='cuda:0')
tensor([102,  87, 157, 172,  51, 179, 135, 108, 149,  88], device='cuda:0') tensor([ 37, 113, 157, 183,  51, 179,  78, 108, 149,  88], device='cuda:0') tensor(6, device='cuda:0') out of 10
val Loss: 1.4437 Acc: 0.6100
UPDATE: tensor(0.6075, device='cuda:0', dtype=torch.float64) to tensor(0.6100, device='cuda:0', dtype=torch.float64)
Saving model to /users/tjiang12/scratch/noisystudent_CUB200_100_2020-12-09_00:09:44.862611

Epoch 26/99
----------
Psuedolabeled run
1 / 258 0 seconds
ETA: 0:00:46
Pseudolabel acc.: tensor(0.5000, device='cuda:0')
tensor([ 44,  36, 105, 131,  96, 135,  23,   9, 112, 171], device='cuda:0') tensor([  5,  36, 117, 131,  96, 135,  23,   9, 127, 171], device='cuda:0') tensor(7, device='cuda:0') out of 10
201 / 258 70 seconds
ETA: 0:00:20
Pseudolabel acc.: tensor(0.5000, device='cuda:0')
tensor([171, 188,  99,  37, 198,  87,  10, 121,  20, 156], device='cuda:0') tensor([179, 188,  99,  37, 198,  87, 128, 121,  79, 156], device='cuda:0') tensor(7, device='cuda:0') out of 10
train Loss: 1.1170 Acc: 0.6804
1 / 111 0 seconds
ETA: 0:00:20
Pseudolabel acc.: tensor(0.6562, device='cuda:0')
tensor([138, 151,  18, 160,  53,   0, 150, 104, 185,  40], device='cuda:0') tensor([138, 151,  81, 160,  13,   0, 150,  91, 185,  40], device='cuda:0') tensor(7, device='cuda:0') out of 10
val Loss: 1.4057 Acc: 0.6097

Epoch 27/99
----------
Psuedolabeled run
1 / 258 0 seconds
ETA: 0:00:50
Pseudolabel acc.: tensor(0.5312, device='cuda:0')
tensor([ 84,  45,  92, 137,  26, 184,  91,  70, 122,  77], device='cuda:0') tensor([110,  45,  92, 137,  48, 184,  91,  70, 120,  77], device='cuda:0') tensor(7, device='cuda:0') out of 10
201 / 258 70 seconds
ETA: 0:00:20
Pseudolabel acc.: tensor(0.5938, device='cuda:0')
tensor([ 44, 110, 143,  70,  53, 116, 119, 163, 121,  81], device='cuda:0') tensor([ 44, 110, 143,  76,  53, 116, 119, 163, 121,  81], device='cuda:0') tensor(9, device='cuda:0') out of 10
train Loss: 1.0784 Acc: 0.6876
1 / 111 0 seconds
ETA: 0:00:21
Pseudolabel acc.: tensor(0.6562, device='cuda:0')
tensor([174, 103, 152, 164,  73,  25, 114,  30,  92,  40], device='cuda:0') tensor([174, 130, 189, 164,  73,  25, 114,  32,  92, 111], device='cuda:0') tensor(6, device='cuda:0') out of 10
val Loss: 1.4388 Acc: 0.6063

Epoch 28/99
----------
Psuedolabeled run
1 / 258 0 seconds
ETA: 0:00:49
Pseudolabel acc.: tensor(0.7188, device='cuda:0')
tensor([145,  81, 120, 174, 100, 111,  90, 115, 126, 116], device='cuda:0') tensor([140,  81, 120, 174, 105,  35, 119, 114, 126, 116], device='cuda:0') tensor(5, device='cuda:0') out of 10
201 / 258 70 seconds
ETA: 0:00:20
Pseudolabel acc.: tensor(0.6250, device='cuda:0')
tensor([154,  11,  11,  52, 181,  74,  37,   2,   7, 134], device='cuda:0') tensor([113,  11,  11,  52, 181,  74,  37,  83,   0, 134], device='cuda:0') tensor(7, device='cuda:0') out of 10
train Loss: 1.1393 Acc: 0.6724
1 / 111 0 seconds
ETA: 0:00:21
Pseudolabel acc.: tensor(0.5938, device='cuda:0')
tensor([ 13, 172,  73, 131, 165, 128,   0, 124,  96,  40], device='cuda:0') tensor([ 13, 114,  73,  39, 165, 101,  24, 124, 108,  40], device='cuda:0') tensor(5, device='cuda:0') out of 10
val Loss: 1.4304 Acc: 0.6077

Epoch 29/99
----------
Psuedolabeled run
1 / 258 0 seconds
ETA: 0:00:49
Pseudolabel acc.: tensor(0.6875, device='cuda:0')
tensor([ 52, 103,  79,   5,  47,  41,  56,  45,  62, 109], device='cuda:0') tensor([ 52, 140,  79,   5,  47,  41,  56,  51,  62, 109], device='cuda:0') tensor(8, device='cuda:0') out of 10
201 / 258 70 seconds
ETA: 0:00:20
Pseudolabel acc.: tensor(0.6250, device='cuda:0')
tensor([ 56,   6, 104, 112,  70,  10,  60,  34,  27,  54], device='cuda:0') tensor([ 56,   6, 104, 122,  70,  10,  60,  34,  27,  54], device='cuda:0') tensor(9, device='cuda:0') out of 10
train Loss: 1.0945 Acc: 0.6830
1 / 111 0 seconds
ETA: 0:00:21
Pseudolabel acc.: tensor(0.5312, device='cuda:0')
tensor([ 59, 127,  47,   0,  65,   3, 136,  38,  42,  52], device='cuda:0') tensor([105, 127,  47,   0,  65, 107, 136,  42,  32,  89], device='cuda:0') tensor(5, device='cuda:0') out of 10
val Loss: 1.4522 Acc: 0.6055

Epoch 30/99
----------
Psuedolabeled run
1 / 258 0 seconds
ETA: 0:00:45
Pseudolabel acc.: tensor(0.5312, device='cuda:0')
tensor([177, 183, 173,  40, 147,  87,  35,   2,  17,   1], device='cuda:0') tensor([177, 183, 195,  40, 112,  87,  45,   2,  17,   1], device='cuda:0') tensor(7, device='cuda:0') out of 10
201 / 258 70 seconds
ETA: 0:00:20
Pseudolabel acc.: tensor(0.5312, device='cuda:0')
tensor([ 28, 151,  41,  23, 181, 190, 130,  90,  66, 155], device='cuda:0') tensor([ 28, 155,  41,   6, 181, 190, 130, 117,  66, 155], device='cuda:0') tensor(7, device='cuda:0') out of 10
train Loss: 0.9560 Acc: 0.7208
1 / 111 0 seconds
ETA: 0:00:21
Pseudolabel acc.: tensor(0.5312, device='cuda:0')
tensor([185, 132, 120,   7,  65, 174, 198, 158, 189, 122], device='cuda:0') tensor([185, 132, 120,   7,  65, 151, 102, 158, 189, 128], device='cuda:0') tensor(7, device='cuda:0') out of 10
val Loss: 1.1803 Acc: 0.6666
UPDATE: tensor(0.6100, device='cuda:0', dtype=torch.float64) to tensor(0.6666, device='cuda:0', dtype=torch.float64)
Saving model to /users/tjiang12/scratch/noisystudent_CUB200_100_2020-12-09_00:09:44.862611

Epoch 31/99
----------
Psuedolabeled run
1 / 258 0 seconds
ETA: 0:00:48
Pseudolabel acc.: tensor(0.7188, device='cuda:0')
tensor([165, 176,  83, 152,  95,  36, 173,  23,   3,  34], device='cuda:0') tensor([132,  18,   1, 152,  95,  36, 179,  88,   3,  34], device='cuda:0') tensor(5, device='cuda:0') out of 10
201 / 258 70 seconds
ETA: 0:00:20
Pseudolabel acc.: tensor(0.5000, device='cuda:0')
tensor([178, 191, 148,  91, 142,  78, 101, 154, 181, 120], device='cuda:0') tensor([178, 191, 148,  91, 142,  81, 101, 154, 179, 132], device='cuda:0') tensor(7, device='cuda:0') out of 10
train Loss: 0.8312 Acc: 0.7510
1 / 111 0 seconds
ETA: 0:00:21
Pseudolabel acc.: tensor(0.6875, device='cuda:0')
tensor([ 47,  20,  36,  87, 149,   9,  66,  27,  68,  65], device='cuda:0') tensor([ 47,  20, 158,  87, 149,   9,  66,  27, 196,  60], device='cuda:0') tensor(7, device='cuda:0') out of 10
val Loss: 1.0923 Acc: 0.6779
UPDATE: tensor(0.6666, device='cuda:0', dtype=torch.float64) to tensor(0.6779, device='cuda:0', dtype=torch.float64)
Saving model to /users/tjiang12/scratch/noisystudent_CUB200_100_2020-12-09_00:09:44.862611

Epoch 32/99
----------
Psuedolabeled run
1 / 258 0 seconds
ETA: 0:00:48
Pseudolabel acc.: tensor(0.5000, device='cuda:0')
tensor([122,   0,  55, 173, 182,  48,  74, 184, 194, 132], device='cuda:0') tensor([122,   0,  55, 173, 182,  48,  74, 184, 194, 155], device='cuda:0') tensor(9, device='cuda:0') out of 10
201 / 258 70 seconds
ETA: 0:00:20
Pseudolabel acc.: tensor(0.5312, device='cuda:0')
tensor([ 51,  67, 172,  81, 103, 192,  39,  73,  70, 187], device='cuda:0') tensor([ 49,  69, 172,  81, 103, 192,  39,  73,  70, 187], device='cuda:0') tensor(8, device='cuda:0') out of 10
train Loss: 0.8246 Acc: 0.7559
1 / 111 0 seconds
ETA: 0:00:20
Pseudolabel acc.: tensor(0.5312, device='cuda:0')
tensor([158, 180,  53, 134, 182,  89,  83,  10,  64,  53], device='cuda:0') tensor([158, 167,  15,  80, 182,  89,  83,  10,  64,  53], device='cuda:0') tensor(7, device='cuda:0') out of 10
val Loss: 1.0706 Acc: 0.6951
UPDATE: tensor(0.6779, device='cuda:0', dtype=torch.float64) to tensor(0.6951, device='cuda:0', dtype=torch.float64)
Saving model to /users/tjiang12/scratch/noisystudent_CUB200_100_2020-12-09_00:09:44.862611

Epoch 33/99
----------
Psuedolabeled run
1 / 258 0 seconds
ETA: 0:00:45
Pseudolabel acc.: tensor(0.5938, device='cuda:0')
tensor([ 95, 132,  75,  69,  49,  18, 156, 142,  12,  47], device='cuda:0') tensor([ 95, 132,  75,  69,  49,  18, 156, 146,  12,  47], device='cuda:0') tensor(9, device='cuda:0') out of 10
201 / 258 70 seconds
ETA: 0:00:20
Pseudolabel acc.: tensor(0.5000, device='cuda:0')
tensor([180, 191, 114, 173, 121,  64, 135,  98, 173,  48], device='cuda:0') tensor([180, 191, 114, 173, 121, 117, 135,  98, 173,  70], device='cuda:0') tensor(8, device='cuda:0') out of 10
train Loss: 0.8180 Acc: 0.7495
1 / 111 0 seconds
ETA: 0:00:21
Pseudolabel acc.: tensor(0.3125, device='cuda:0')
tensor([195,  80,  37, 133, 154, 199, 196,   8, 184, 172], device='cuda:0') tensor([195,  80,  37, 133, 154, 199, 196,  93, 184, 180], device='cuda:0') tensor(8, device='cuda:0') out of 10
val Loss: 1.0451 Acc: 0.6934

Epoch 34/99
----------
Psuedolabeled run
1 / 258 0 seconds
ETA: 0:00:48
Pseudolabel acc.: tensor(0.5938, device='cuda:0')
tensor([170, 156,  81, 126,  30,  58,  59,  72, 116,  87], device='cuda:0') tensor([170, 152,  81, 122,  30,  58,  61,  72, 116, 188], device='cuda:0') tensor(6, device='cuda:0') out of 10
201 / 258 70 seconds
ETA: 0:00:20
Pseudolabel acc.: tensor(0.5625, device='cuda:0')
tensor([ 72, 184,  84,  19, 102,  33,  86,   7,  75, 181], device='cuda:0') tensor([ 72, 184,  84,  19, 102,  33,  86,   7,  75, 181], device='cuda:0') tensor(10, device='cuda:0') out of 10
train Loss: 0.8038 Acc: 0.7614
1 / 111 0 seconds
ETA: 0:00:21
Pseudolabel acc.: tensor(0.7188, device='cuda:0')
tensor([157, 143,   8,  67, 135,  15, 107, 143,  51, 155], device='cuda:0') tensor([157, 143,   8,  68, 135,  15, 107, 143,  51,  75], device='cuda:0') tensor(8, device='cuda:0') out of 10
val Loss: 1.0787 Acc: 0.6833

Epoch 35/99
----------
Psuedolabeled run
1 / 258 0 seconds
ETA: 0:00:48
Pseudolabel acc.: tensor(0.6875, device='cuda:0')
tensor([ 14, 151,  35,  93,  47,  60,   3,  69,  88, 113], device='cuda:0') tensor([ 14, 151,  35,  62,  47,  60,   3,  69,  88, 197], device='cuda:0') tensor(8, device='cuda:0') out of 10
201 / 258 70 seconds
ETA: 0:00:20
Pseudolabel acc.: tensor(0.6875, device='cuda:0')
tensor([ 59, 106, 129,  19,  49, 110, 155,  81,  46,  16], device='cuda:0') tensor([ 59,  43, 129,  19,  22, 111, 155,  81,  46,  16], device='cuda:0') tensor(7, device='cuda:0') out of 10
train Loss: 0.7654 Acc: 0.7668
1 / 111 0 seconds
ETA: 0:00:21
Pseudolabel acc.: tensor(0.5938, device='cuda:0')
tensor([159, 199, 138,  96,  84,   5,  71,  13, 194, 157], device='cuda:0') tensor([159, 199,  68,  96,  84, 112, 184,  13, 194, 157], device='cuda:0') tensor(7, device='cuda:0') out of 10
val Loss: 1.0119 Acc: 0.7036
UPDATE: tensor(0.6951, device='cuda:0', dtype=torch.float64) to tensor(0.7036, device='cuda:0', dtype=torch.float64)
Saving model to /users/tjiang12/scratch/noisystudent_CUB200_100_2020-12-09_00:09:44.862611

Epoch 36/99
----------
Psuedolabeled run
1 / 258 0 seconds
ETA: 0:00:49
Pseudolabel acc.: tensor(0.5312, device='cuda:0')
tensor([143, 110, 172,   8, 188,  24, 107,  14, 172, 190], device='cuda:0') tensor([143, 110, 172,   8, 188,   0, 107,  14, 172, 190], device='cuda:0') tensor(9, device='cuda:0') out of 10
201 / 258 70 seconds
ETA: 0:00:20
Pseudolabel acc.: tensor(0.7188, device='cuda:0')
tensor([147,   3, 197,  44,  59, 125,   2,  20,  69,  34], device='cuda:0') tensor([147,  48, 197,  44,  59,  11,   2,  20,  69,  34], device='cuda:0') tensor(8, device='cuda:0') out of 10
train Loss: 0.7819 Acc: 0.7614
1 / 111 0 seconds
ETA: 0:00:20
Pseudolabel acc.: tensor(0.6875, device='cuda:0')
tensor([ 16,  84, 117,  80, 182, 114,  41,  37, 176, 159], device='cuda:0') tensor([ 16,  84, 117,  80, 182, 114,  41,  37, 176, 159], device='cuda:0') tensor(10, device='cuda:0') out of 10
val Loss: 1.0294 Acc: 0.6949

Epoch 37/99
----------
Psuedolabeled run
1 / 258 0 seconds
ETA: 0:00:49
Pseudolabel acc.: tensor(0.4062, device='cuda:0')
tensor([100, 168, 109,  67, 104, 159, 187, 112, 128,  27], device='cuda:0') tensor([ 59, 168, 109,  67, 104, 159, 187,  84, 128,  27], device='cuda:0') tensor(8, device='cuda:0') out of 10
201 / 258 70 seconds
ETA: 0:00:20
Pseudolabel acc.: tensor(0.6562, device='cuda:0')
tensor([161,  59,  28,  98,  43, 130,  45, 111,  74, 161], device='cuda:0') tensor([161,  59,  28,  98,  29, 103,  45, 111,  74, 175], device='cuda:0') tensor(7, device='cuda:0') out of 10
train Loss: 0.7504 Acc: 0.7704
1 / 111 0 seconds
ETA: 0:00:20
Pseudolabel acc.: tensor(0.5938, device='cuda:0')
tensor([ 36,  81,  86, 139,  90,  27, 124, 126,  95,  83], device='cuda:0') tensor([176,  81,  86, 139,  90, 188, 124, 126,  97,  83], device='cuda:0') tensor(7, device='cuda:0') out of 10
val Loss: 1.0302 Acc: 0.6929

Epoch 38/99
----------
Psuedolabeled run
1 / 258 0 seconds
ETA: 0:00:47
Pseudolabel acc.: tensor(0.5625, device='cuda:0')
tensor([123,  28, 140,  10, 120, 152, 104, 154,  74, 147], device='cuda:0') tensor([123,  28, 140,  10, 194, 152, 104, 154,  74, 147], device='cuda:0') tensor(9, device='cuda:0') out of 10
201 / 258 70 seconds
ETA: 0:00:20
Pseudolabel acc.: tensor(0.5312, device='cuda:0')
tensor([177,  30, 148,  99,  86, 140,  85,  48,  26, 103], device='cuda:0') tensor([177, 190, 148,  99,  86,  13,  85,  48,  26, 103], device='cuda:0') tensor(8, device='cuda:0') out of 10
train Loss: 0.7388 Acc: 0.7746
1 / 111 0 seconds
ETA: 0:00:20
Pseudolabel acc.: tensor(0.5625, device='cuda:0')
tensor([ 88, 150,  34,  15,  35, 110, 198,  71, 153, 197], device='cuda:0') tensor([ 88, 150,  34,  15,  35, 110, 192, 106, 153,  75], device='cuda:0') tensor(7, device='cuda:0') out of 10
val Loss: 1.0041 Acc: 0.6982

Epoch 39/99
----------
Psuedolabeled run
1 / 258 0 seconds
ETA: 0:00:47
Pseudolabel acc.: tensor(0.7500, device='cuda:0')
tensor([110, 115,  68, 183,  14,  87,  54,  48,  32, 122], device='cuda:0') tensor([110, 115,  68,  98, 118,  87,  54,  48, 146, 122], device='cuda:0') tensor(7, device='cuda:0') out of 10
201 / 258 70 seconds
ETA: 0:00:20
Pseudolabel acc.: tensor(0.7188, device='cuda:0')
tensor([ 45,  84, 141, 128,  15,  77,   3,  47,   5,  28], device='cuda:0') tensor([  1,  84, 141, 172,  15,  77,   3,  47,   5,  28], device='cuda:0') tensor(8, device='cuda:0') out of 10
train Loss: 0.7364 Acc: 0.7733
1 / 111 0 seconds
ETA: 0:00:20
Pseudolabel acc.: tensor(0.5625, device='cuda:0')
tensor([178, 198,  17,  31, 153, 179,  65, 109,  18,  70], device='cuda:0') tensor([154, 198,  17,  31, 153, 155,  58, 109, 113,  71], device='cuda:0') tensor(5, device='cuda:0') out of 10
val Loss: 1.0216 Acc: 0.6881

Epoch 40/99
----------
Psuedolabeled run
1 / 258 0 seconds
ETA: 0:00:49
Pseudolabel acc.: tensor(0.6562, device='cuda:0')
tensor([126, 123,  26, 101, 140,  38, 158,  90,  86, 196], device='cuda:0') tensor([126, 120,  26,  39, 140,  38, 158,  90,  86, 132], device='cuda:0') tensor(7, device='cuda:0') out of 10
201 / 258 70 seconds
ETA: 0:00:20
Pseudolabel acc.: tensor(0.5938, device='cuda:0')
tensor([172, 191,  88,  92, 172, 141,  94, 121, 181,  48], device='cuda:0') tensor([152, 191,  88,  92, 172, 141,  94,  21, 181, 106], device='cuda:0') tensor(7, device='cuda:0') out of 10
train Loss: 0.7460 Acc: 0.7705
1 / 111 0 seconds
ETA: 0:00:20
Pseudolabel acc.: tensor(0.6250, device='cuda:0')
tensor([134, 188, 161, 183, 136, 117,  18,   9,  40,  32], device='cuda:0') tensor([134, 188, 161, 183, 135, 118,  18,   9,  40,  37], device='cuda:0') tensor(7, device='cuda:0') out of 10
val Loss: 1.0000 Acc: 0.7033

Epoch 41/99
----------
Psuedolabeled run
1 / 258 0 seconds
ETA: 0:00:46
Pseudolabel acc.: tensor(0.6250, device='cuda:0')
tensor([169, 158, 157, 188,  44,  74, 142,  13, 196, 136], device='cuda:0') tensor([108, 158, 157, 188,  44,  74, 142,  13, 195, 136], device='cuda:0') tensor(8, device='cuda:0') out of 10
201 / 258 70 seconds
ETA: 0:00:20
Pseudolabel acc.: tensor(0.6875, device='cuda:0')
tensor([ 66,  95,  66, 162, 165,  25, 190, 156,  34, 143], device='cuda:0') tensor([ 66,  95,  66,  49, 165,  25, 190,  19,  34, 143], device='cuda:0') tensor(8, device='cuda:0') out of 10
train Loss: 0.7338 Acc: 0.7730
1 / 111 0 seconds
ETA: 0:00:20
Pseudolabel acc.: tensor(0.5000, device='cuda:0')
tensor([135,  37, 184,  57, 126, 189, 116,  84,  31,  80], device='cuda:0') tensor([135,  37, 184,  57, 126, 189, 120,  84,  31,  80], device='cuda:0') tensor(9, device='cuda:0') out of 10
val Loss: 0.9804 Acc: 0.7076
UPDATE: tensor(0.7036, device='cuda:0', dtype=torch.float64) to tensor(0.7076, device='cuda:0', dtype=torch.float64)
Saving model to /users/tjiang12/scratch/noisystudent_CUB200_100_2020-12-09_00:09:44.862611

Epoch 42/99
----------
Psuedolabeled run
1 / 258 0 seconds
ETA: 0:00:46
Pseudolabel acc.: tensor(0.4375, device='cuda:0')
tensor([ 91, 177,  57, 122,  92,  43,  13,  69, 130,  31], device='cuda:0') tensor([ 91, 177,  57, 122,  92,  43,  13,  69, 103,  31], device='cuda:0') tensor(9, device='cuda:0') out of 10
201 / 258 70 seconds
ETA: 0:00:20
Pseudolabel acc.: tensor(0.4062, device='cuda:0')
tensor([154, 159,  52,  80, 159,  71, 159,  68, 171, 104], device='cuda:0') tensor([ 32, 159,  52,  80, 159,  84, 159,  68, 171, 104], device='cuda:0') tensor(8, device='cuda:0') out of 10
train Loss: 0.7466 Acc: 0.7706
1 / 111 0 seconds
ETA: 0:00:21
Pseudolabel acc.: tensor(0.5312, device='cuda:0')
tensor([190, 174, 199,   7, 177, 161, 101,  94,  48, 184], device='cuda:0') tensor([190, 174, 199,   7, 177, 161, 101,  94,  48, 184], device='cuda:0') tensor(10, device='cuda:0') out of 10
val Loss: 0.9215 Acc: 0.7149
UPDATE: tensor(0.7076, device='cuda:0', dtype=torch.float64) to tensor(0.7149, device='cuda:0', dtype=torch.float64)
Saving model to /users/tjiang12/scratch/noisystudent_CUB200_100_2020-12-09_00:09:44.862611

Epoch 43/99
----------
Psuedolabeled run
1 / 258 0 seconds
ETA: 0:00:47
Pseudolabel acc.: tensor(0.5000, device='cuda:0')
tensor([ 42,  64, 110, 197,   0, 101,  40,  94, 134,  84], device='cuda:0') tensor([ 42,  64, 110,  92,  70, 101,  40,  94,  32,  84], device='cuda:0') tensor(7, device='cuda:0') out of 10
201 / 258 70 seconds
ETA: 0:00:20
Pseudolabel acc.: tensor(0.5938, device='cuda:0')
tensor([103,  89, 141,  63, 185, 119,  93,  30, 175, 177], device='cuda:0') tensor([113,  89, 107,  63, 185, 119,  93,  30, 122, 152], device='cuda:0') tensor(6, device='cuda:0') out of 10
train Loss: 0.7147 Acc: 0.7781
1 / 111 0 seconds
ETA: 0:00:21
Pseudolabel acc.: tensor(0.4688, device='cuda:0')
tensor([ 74, 154, 153, 179,  84, 181,  28, 171,  45,  23], device='cuda:0') tensor([ 74, 154, 153, 179,  84, 181,  28, 171,  45,  23], device='cuda:0') tensor(10, device='cuda:0') out of 10
val Loss: 1.0159 Acc: 0.6937

Epoch 44/99
----------
Psuedolabeled run
1 / 258 0 seconds
ETA: 0:00:49
Pseudolabel acc.: tensor(0.7188, device='cuda:0')
tensor([113,  73, 110, 181,  27, 133, 118, 188,   7,  17], device='cuda:0') tensor([113,  73, 110, 163,  27, 133, 118, 188,   0,  17], device='cuda:0') tensor(8, device='cuda:0') out of 10
201 / 258 70 seconds
ETA: 0:00:20
Pseudolabel acc.: tensor(0.6250, device='cuda:0')
tensor([110, 153, 149,   4, 121,  13,  30, 186, 166, 198], device='cuda:0') tensor([137, 153, 149,   4, 121,  13,  30, 186, 166, 198], device='cuda:0') tensor(9, device='cuda:0') out of 10
train Loss: 0.7241 Acc: 0.7761
1 / 111 0 seconds
ETA: 0:00:19
Pseudolabel acc.: tensor(0.4375, device='cuda:0')
tensor([ 69,  70, 141,  50, 141,  77, 165,  72, 133, 161], device='cuda:0') tensor([ 69,  70, 140,  50,   2, 102, 165,  72, 133, 178], device='cuda:0') tensor(6, device='cuda:0') out of 10
val Loss: 1.0098 Acc: 0.6999

Epoch 45/99
----------
Psuedolabeled run
1 / 258 0 seconds
ETA: 0:00:47
Pseudolabel acc.: tensor(0.5000, device='cuda:0')
tensor([157,  18, 182,  19, 183, 123,  72,  34, 134, 103], device='cuda:0') tensor([ 66,  18, 182,  19, 183, 123,  72,  34, 134, 103], device='cuda:0') tensor(9, device='cuda:0') out of 10
201 / 258 70 seconds
ETA: 0:00:20
Pseudolabel acc.: tensor(0.5625, device='cuda:0')
tensor([155,   4,  54,   2,  13, 134,  53, 182, 188, 130], device='cuda:0') tensor([155,   4,  54,   2,  13, 134,  53, 182, 188, 130], device='cuda:0') tensor(10, device='cuda:0') out of 10
train Loss: 0.6969 Acc: 0.7834
1 / 111 0 seconds
ETA: 0:00:19
Pseudolabel acc.: tensor(0.5938, device='cuda:0')
tensor([132,  60,  63, 107, 196, 194, 175,  31, 152, 137], device='cuda:0') tensor([186,  60,  63, 107, 196, 194, 175, 172, 152, 137], device='cuda:0') tensor(8, device='cuda:0') out of 10
val Loss: 1.0051 Acc: 0.7005

Epoch 46/99
----------
Psuedolabeled run
1 / 258 0 seconds
ETA: 0:00:49
Pseudolabel acc.: tensor(0.7188, device='cuda:0')
tensor([ 20, 134,  72, 189, 173, 181, 168, 171, 102, 147], device='cuda:0') tensor([ 20, 134,  72, 189, 177, 181, 168, 171, 110, 147], device='cuda:0') tensor(8, device='cuda:0') out of 10
201 / 258 70 seconds
ETA: 0:00:20
Pseudolabel acc.: tensor(0.5938, device='cuda:0')
tensor([ 69,  73, 167,  36, 167, 100, 126,  52,  96, 101], device='cuda:0') tensor([ 69,  73, 167, 156, 179, 100, 126,  52,  55, 101], device='cuda:0') tensor(7, device='cuda:0') out of 10
train Loss: 0.7157 Acc: 0.7774
1 / 111 0 seconds
ETA: 0:00:20
Pseudolabel acc.: tensor(0.7188, device='cuda:0')
tensor([  2,  31, 160, 152, 197,  46, 160, 148,  34, 172], device='cuda:0') tensor([  2,  31, 160, 178, 197,  46, 160, 148,  34, 123], device='cuda:0') tensor(8, device='cuda:0') out of 10
val Loss: 0.9825 Acc: 0.7050

Epoch 47/99
----------
Psuedolabeled run
1 / 258 0 seconds
ETA: 0:00:48
Pseudolabel acc.: tensor(0.6562, device='cuda:0')
tensor([156,  44,  95, 123,  62, 110, 151,  31, 101, 169], device='cuda:0') tensor([156,  44,  54, 123, 136, 110, 151,  31,  39, 169], device='cuda:0') tensor(7, device='cuda:0') out of 10
201 / 258 70 seconds
ETA: 0:00:20
Pseudolabel acc.: tensor(0.5312, device='cuda:0')
tensor([143, 144, 192,  73, 137,  33, 110,  52, 142, 157], device='cuda:0') tensor([143,  40, 192,  73, 102,  33, 191,  45, 142, 157], device='cuda:0') tensor(6, device='cuda:0') out of 10
train Loss: 0.7018 Acc: 0.7824
1 / 111 0 seconds
ETA: 0:00:21
Pseudolabel acc.: tensor(0.5625, device='cuda:0')
tensor([ 87, 140, 196,  44, 167,  94,   4, 118,  14,  65], device='cuda:0') tensor([149, 140, 125,  44, 167,  94,   4, 118,  14,  65], device='cuda:0') tensor(8, device='cuda:0') out of 10
val Loss: 0.9691 Acc: 0.7028

Epoch 48/99
----------
Psuedolabeled run
1 / 258 0 seconds
ETA: 0:00:48
Pseudolabel acc.: tensor(0.4688, device='cuda:0')
tensor([196, 192,  35,  51,  38, 178, 180,  66, 110, 154], device='cuda:0') tensor([ 10, 192,  35,   7,  38, 180, 180,  66, 110, 154], device='cuda:0') tensor(7, device='cuda:0') out of 10
201 / 258 70 seconds
ETA: 0:00:20
Pseudolabel acc.: tensor(0.4375, device='cuda:0')
tensor([110, 125,  33, 156,  93, 192, 163,  79, 103, 136], device='cuda:0') tensor([ 95, 125,  33, 156,  70, 192, 163,  79, 197, 108], device='cuda:0') tensor(6, device='cuda:0') out of 10
train Loss: 0.6975 Acc: 0.7836
1 / 111 0 seconds
ETA: 0:00:20
Pseudolabel acc.: tensor(0.7812, device='cuda:0')
tensor([ 72,  86,  89, 101, 160, 159,  81, 180,  26,  73], device='cuda:0') tensor([132,  86,  89, 101, 160,  75,  81, 180,  26,  73], device='cuda:0') tensor(8, device='cuda:0') out of 10
val Loss: 0.8993 Acc: 0.7327
UPDATE: tensor(0.7149, device='cuda:0', dtype=torch.float64) to tensor(0.7327, device='cuda:0', dtype=torch.float64)
Saving model to /users/tjiang12/scratch/noisystudent_CUB200_100_2020-12-09_00:09:44.862611

Epoch 49/99
----------
Psuedolabeled run
1 / 258 0 seconds
ETA: 0:00:47
Pseudolabel acc.: tensor(0.4688, device='cuda:0')
tensor([ 62, 157,  23, 199,  67,  91, 119, 187,  33,  40], device='cuda:0') tensor([ 62, 157,  23, 199,  69,  91, 128, 187,  33,  40], device='cuda:0') tensor(8, device='cuda:0') out of 10
201 / 258 70 seconds
ETA: 0:00:20
Pseudolabel acc.: tensor(0.6562, device='cuda:0')
tensor([ 12, 182, 118,  43, 172,  41, 109, 130, 142, 121], device='cuda:0') tensor([ 12, 182, 131,  43, 174,  41, 109, 130, 142, 121], device='cuda:0') tensor(8, device='cuda:0') out of 10
train Loss: 0.7075 Acc: 0.7775
1 / 111 0 seconds
ETA: 0:00:21
Pseudolabel acc.: tensor(0.7812, device='cuda:0')
tensor([ 37,  54,   3, 163, 120, 165, 144, 131,  52,  44], device='cuda:0') tensor([ 37,  54,   3, 172, 120, 165, 144, 131,  52,  44], device='cuda:0') tensor(9, device='cuda:0') out of 10
val Loss: 0.9829 Acc: 0.7056

Epoch 50/99
----------
Labeled run
1 / 132 0 seconds
ETA: 0:00:43
tensor([180,  61,  96,  14,  76,  87,  30,  88, 177, 142], device='cuda:0') tensor([180, 144, 186, 174,  76,  87,  32,  88, 118, 142], device='cuda:0') tensor(5, device='cuda:0') out of 10
train Loss: 2.0204 Acc: 0.5923
1 / 19 0 seconds
ETA: 0:00:06
tensor([ 63, 180,  54,  89, 193, 158, 171, 104, 177, 154], device='cuda:0') tensor([ 63, 180,  54,  89, 193, 151, 171, 104, 177, 154], device='cuda:0') tensor(9, device='cuda:0') out of 10
val Loss: 1.7614 Acc: 0.6169

Epoch 51/99
----------
Labeled run
1 / 132 0 seconds
ETA: 0:00:34
tensor([ 13,  24, 160, 178,  52, 180,  59, 114,  50, 174], device='cuda:0') tensor([ 34,  24, 153, 152,  52, 180,  59, 117,  50, 116], device='cuda:0') tensor(5, device='cuda:0') out of 10
train Loss: 1.7168 Acc: 0.6188
1 / 19 0 seconds
ETA: 0:00:06
tensor([ 74,  29,  24,  35,  88, 199, 140, 115, 194,  24], device='cuda:0') tensor([ 74,  28,  24,  35,  54, 199, 140,  77, 194,  24], device='cuda:0') tensor(7, device='cuda:0') out of 10
val Loss: 1.6640 Acc: 0.6468

Epoch 52/99
----------
Labeled run
1 / 132 0 seconds
ETA: 0:00:44
tensor([117, 105,  71,  77,  27, 169,  53,  48, 157, 112], device='cuda:0') tensor([117, 190,  71,  32,  27, 169,  53,  28, 157,  53], device='cuda:0') tensor(6, device='cuda:0') out of 10
train Loss: 1.6514 Acc: 0.6188
1 / 19 0 seconds
ETA: 0:00:06
tensor([  9, 190, 132,  58,  80,  74, 188, 115, 164, 137], device='cuda:0') tensor([  9, 190, 132,  63,  80,  74, 188, 115, 164, 137], device='cuda:0') tensor(9, device='cuda:0') out of 10
val Loss: 1.4796 Acc: 0.6733

Epoch 53/99
----------
Labeled run
1 / 132 0 seconds
ETA: 0:00:39
tensor([124, 195, 119,  74,   3,  82,  52, 112, 132,   2], device='cuda:0') tensor([130, 117, 128,  74,  12,  82,  52, 112, 132,   2], device='cuda:0') tensor(6, device='cuda:0') out of 10
train Loss: 1.5865 Acc: 0.6383
1 / 19 0 seconds
ETA: 0:00:07
tensor([ 70, 141,  53, 177,  77, 154,  28, 150, 163,  15], device='cuda:0') tensor([ 70, 141,  53, 177,  77, 154,  28, 174, 163,  15], device='cuda:0') tensor(9, device='cuda:0') out of 10
val Loss: 1.6069 Acc: 0.6385

Epoch 54/99
----------
Labeled run
1 / 132 0 seconds
ETA: 0:00:46
tensor([ 74, 114,  47,  28,  50, 160, 103,  64,  86,  34], device='cuda:0') tensor([ 74, 114,  47,  28,  50, 160, 103,  89,  86,  34], device='cuda:0') tensor(9, device='cuda:0') out of 10
train Loss: 1.5047 Acc: 0.6430
1 / 19 0 seconds
ETA: 0:00:05
tensor([140,  26,  84,  23, 173, 137, 167, 136, 165,   1], device='cuda:0') tensor([140,  26,  84,  89, 173, 137, 167, 134, 165,   1], device='cuda:0') tensor(8, device='cuda:0') out of 10
val Loss: 1.4027 Acc: 0.6517

Epoch 55/99
----------
Labeled run
1 / 132 0 seconds
ETA: 0:00:51
tensor([115,  39,  62,   0,  94, 119,  25,   1,  52,  96], device='cuda:0') tensor([116, 101,  62,   0,  23, 119,  25,   1,  52,  96], device='cuda:0') tensor(7, device='cuda:0') out of 10
train Loss: 1.4992 Acc: 0.6496
1 / 19 0 seconds
ETA: 0:00:06
tensor([103,  95,  91,  40,  20, 147, 155,  13,  15, 194], device='cuda:0') tensor([103,  43,  91,  40,  20, 147,  42,  13,  15, 194], device='cuda:0') tensor(8, device='cuda:0') out of 10
val Loss: 1.4206 Acc: 0.6633

Epoch 56/99
----------
Labeled run
1 / 132 0 seconds
ETA: 0:00:50
tensor([ 40, 191,  32, 195, 164,   3, 190,  84, 174,  69], device='cuda:0') tensor([141, 191,  68,   7, 164,   3, 190, 140, 174,  69], device='cuda:0') tensor(6, device='cuda:0') out of 10
train Loss: 1.4608 Acc: 0.6527
1 / 19 0 seconds
ETA: 0:00:06
tensor([136, 189,  20,  47,  81, 141, 127,  78,  12,  26], device='cuda:0') tensor([136, 186, 136,  53,  81, 141, 172,  78,  12,  26], device='cuda:0') tensor(6, device='cuda:0') out of 10
val Loss: 1.3491 Acc: 0.6750

Epoch 57/99
----------
Labeled run
1 / 132 0 seconds
ETA: 0:00:39
tensor([184, 132, 100,  69,  32,  25,  92, 166,  66, 182], device='cuda:0') tensor([ 32, 121, 100,  69,  30,   3,  92, 166,  69, 182], device='cuda:0') tensor(5, device='cuda:0') out of 10
train Loss: 1.4283 Acc: 0.6499
1 / 19 0 seconds
ETA: 0:00:05
tensor([ 37,  25, 178, 161, 194,  41, 107,   3,  54, 130], device='cuda:0') tensor([ 37,  25, 152, 161, 194,  41, 107,   3,  54, 130], device='cuda:0') tensor(9, device='cuda:0') out of 10
val Loss: 1.4644 Acc: 0.6302

Epoch 58/99
----------
Labeled run
1 / 132 0 seconds
ETA: 0:00:36
tensor([188,  94,  42,   6, 177, 125, 161,  40,  72, 149], device='cuda:0') tensor([188,  94,  42,   4, 177, 125, 131, 115,  28, 149], device='cuda:0') tensor(6, device='cuda:0') out of 10
train Loss: 1.3760 Acc: 0.6664
1 / 19 0 seconds
ETA: 0:00:06
tensor([155,  45, 158,  97, 152, 172,  50, 154, 121,  14], device='cuda:0') tensor([138,  45, 158,  97, 152, 131,  50, 108, 121,  14], device='cuda:0') tensor(7, device='cuda:0') out of 10
val Loss: 1.4064 Acc: 0.6733

Epoch 59/99
----------
Labeled run
1 / 132 0 seconds
ETA: 0:00:46
tensor([ 36, 114, 147,  64, 134, 157,  97, 158,  15,   3], device='cuda:0') tensor([180,  75, 147,  64, 134,  72,  97, 158,  15, 107], device='cuda:0') tensor(6, device='cuda:0') out of 10
train Loss: 1.3909 Acc: 0.6705
1 / 19 0 seconds
ETA: 0:00:05
tensor([136,  11, 158, 136, 179,  24, 121,  53, 174,  45], device='cuda:0') tensor([136,  11, 183,  33, 179,  24, 121,  53, 174,  62], device='cuda:0') tensor(7, device='cuda:0') out of 10
val Loss: 1.4302 Acc: 0.6766

Epoch 60/99
----------
Labeled run
1 / 132 0 seconds
ETA: 0:00:44
tensor([ 29,  26, 149, 135,  16, 180,  74, 126, 156, 180], device='cuda:0') tensor([176,  26, 126, 135,  16, 180,  26, 124, 164, 180], device='cuda:0') tensor(5, device='cuda:0') out of 10
train Loss: 1.3413 Acc: 0.6735
1 / 19 0 seconds
ETA: 0:00:06
tensor([185,  73, 130,  89,  61,  44, 133,  32, 119,  59], device='cuda:0') tensor([152,  92, 130,  89,  59,  45, 133,  32, 119,  65], device='cuda:0') tensor(5, device='cuda:0') out of 10
val Loss: 1.2994 Acc: 0.6716

Epoch 61/99
----------
Labeled run
1 / 132 0 seconds
ETA: 0:00:41
tensor([133,  59,  56,  18,   2, 110, 193, 114, 121,  91], device='cuda:0') tensor([133,  59,  56,  93, 171, 134, 193, 114, 121, 102], device='cuda:0') tensor(6, device='cuda:0') out of 10
train Loss: 1.3284 Acc: 0.6799
1 / 19 0 seconds
ETA: 0:00:07
tensor([ 58, 152,   4, 196, 136,  90,  98, 137,  75, 152], device='cuda:0') tensor([ 84, 178,   4, 196, 136,   9,  98, 137,  75, 152], device='cuda:0') tensor(7, device='cuda:0') out of 10
val Loss: 1.3126 Acc: 0.6932

Epoch 62/99
----------
Labeled run
1 / 132 0 seconds
ETA: 0:00:39
tensor([ 20, 119, 167, 171, 119,  13,  23, 171,   6, 198], device='cuda:0') tensor([ 20, 119, 167, 171, 119, 173,  23, 171,   6, 198], device='cuda:0') tensor(9, device='cuda:0') out of 10
train Loss: 1.3566 Acc: 0.6764
1 / 19 0 seconds
ETA: 0:00:06
tensor([134, 148,  62, 154, 113, 102,  38, 160,  33, 197], device='cuda:0') tensor([134, 148,  59, 154, 113, 102,  38, 160,  33, 197], device='cuda:0') tensor(9, device='cuda:0') out of 10
val Loss: 1.4103 Acc: 0.6700

Epoch 63/99
----------
Labeled run
1 / 132 0 seconds
ETA: 0:00:41
tensor([ 97, 102, 194,  74, 133,  83, 121,  28, 160, 126], device='cuda:0') tensor([ 97, 102, 194, 174, 133,  83, 128,   3, 161, 126], device='cuda:0') tensor(6, device='cuda:0') out of 10
train Loss: 1.3352 Acc: 0.6818
1 / 19 0 seconds
ETA: 0:00:07
tensor([120, 154,  17, 197, 141,  22, 158,  25,  84, 186], device='cuda:0') tensor([130, 154, 156, 197, 140,  22, 158,  20,  84, 191], device='cuda:0') tensor(5, device='cuda:0') out of 10
val Loss: 1.4077 Acc: 0.6468

Epoch 64/99
----------
Labeled run
1 / 132 0 seconds
ETA: 0:00:39
tensor([179, 140,  11,  79,  72, 166,  95, 139,   3, 174], device='cuda:0') tensor([176, 140,  11,  79,  72, 166,  95, 138,  10, 172], device='cuda:0') tensor(6, device='cuda:0') out of 10
train Loss: 1.3216 Acc: 0.6799
1 / 19 0 seconds
ETA: 0:00:07
tensor([ 54, 139, 121,  72,  64,  70, 146,  59, 137,  27], device='cuda:0') tensor([ 54, 139, 121, 134,  64,  53, 109,  65, 128, 176], device='cuda:0') tensor(4, device='cuda:0') out of 10
val Loss: 1.4658 Acc: 0.6584

Epoch 65/99
----------
Labeled run
1 / 132 0 seconds
ETA: 0:00:39
tensor([  6,  49,  55, 165, 122,  20, 198, 192,  42,  36], device='cuda:0') tensor([ 35,  49,  55, 165, 122,  20, 198, 110,  94,  36], device='cuda:0') tensor(7, device='cuda:0') out of 10
train Loss: 1.3337 Acc: 0.6759
1 / 19 0 seconds
ETA: 0:00:05
tensor([ 27, 196, 136,  75,  63,  53, 178,   3, 113,   4], device='cuda:0') tensor([ 27, 196, 136,  75,  63, 116, 154,   3, 113,   4], device='cuda:0') tensor(8, device='cuda:0') out of 10
val Loss: 1.5884 Acc: 0.6302

Epoch 66/99
----------
Labeled run
1 / 132 0 seconds
ETA: 0:00:39
tensor([ 47, 167,  19,  77,  72, 122,  58,  62, 142,  91], device='cuda:0') tensor([ 47, 199,  19,  40,  72, 120,  48,  62,  35,  91], device='cuda:0') tensor(5, device='cuda:0') out of 10
train Loss: 1.3334 Acc: 0.6745
1 / 19 0 seconds
ETA: 0:00:05
tensor([119, 180, 187, 142,  72,  26,  22, 119,  20,  90], device='cuda:0') tensor([119, 154, 187,  63,  72, 108,  22, 119,  20, 194], device='cuda:0') tensor(6, device='cuda:0') out of 10
val Loss: 1.4201 Acc: 0.6600

Epoch 67/99
----------
Labeled run
1 / 132 0 seconds
ETA: 0:00:36
tensor([ 48, 170, 194,  43, 126,   6, 189,  67, 185, 129], device='cuda:0') tensor([ 26, 170, 194,  43, 126,   4, 189,  67, 185, 147], device='cuda:0') tensor(7, device='cuda:0') out of 10
train Loss: 1.3370 Acc: 0.6740
1 / 19 0 seconds
ETA: 0:00:05
tensor([ 85,   3, 122, 189, 136,   5,  36, 133,  27, 139], device='cuda:0') tensor([ 85,   3, 122, 189, 136,  62,  36, 133,  27,  96], device='cuda:0') tensor(8, device='cuda:0') out of 10
val Loss: 1.3218 Acc: 0.6783

Epoch 68/99
----------
Labeled run
1 / 132 0 seconds
ETA: 0:00:45
tensor([124, 196,  20,  70, 140, 123,  58,  65,  96, 190], device='cuda:0') tensor([124, 196,  20, 140, 140, 123,  58,  65,  96, 190], device='cuda:0') tensor(9, device='cuda:0') out of 10
train Loss: 1.2963 Acc: 0.6899
1 / 19 0 seconds
ETA: 0:00:05
tensor([  7, 143,  76,  70, 147,   0, 132, 118,  43, 144], device='cuda:0') tensor([ 51, 143,  76,  70, 147,   0, 132, 115,  43, 144], device='cuda:0') tensor(8, device='cuda:0') out of 10
val Loss: 1.4159 Acc: 0.6766

Epoch 69/99
----------
Labeled run
1 / 132 0 seconds
ETA: 0:00:41
tensor([196,  71, 162,  27, 132, 196, 125,   0, 185,  25], device='cuda:0') tensor([196,  71, 162,  27,   3, 196, 123,   0, 185,  25], device='cuda:0') tensor(8, device='cuda:0') out of 10
train Loss: 1.3723 Acc: 0.6688
1 / 19 0 seconds
ETA: 0:00:05
tensor([116, 171, 141, 156, 196,  30,  39, 138, 140,  27], device='cuda:0') tensor([196, 171, 141, 163, 167,  30,  39, 139,  57,  27], device='cuda:0') tensor(5, device='cuda:0') out of 10
val Loss: 1.3626 Acc: 0.6633

Epoch 70/99
----------
Labeled run
1 / 132 0 seconds
ETA: 0:00:41
tensor([106, 163,  31,   5,  26,  61, 133, 129,  50, 101], device='cuda:0') tensor([106, 163,  31,   5,  56,  61, 133, 129,  50, 101], device='cuda:0') tensor(9, device='cuda:0') out of 10
train Loss: 1.2912 Acc: 0.6941
1 / 19 0 seconds
ETA: 0:00:06
tensor([ 85, 145,  74, 196,  20, 190, 133,   5, 160,  71], device='cuda:0') tensor([ 85,   2,  74, 196,  20, 190, 133,   6, 160,  71], device='cuda:0') tensor(8, device='cuda:0') out of 10
val Loss: 1.3525 Acc: 0.6932

Epoch 71/99
----------
Labeled run
1 / 132 0 seconds
ETA: 0:00:45
tensor([ 60, 174,   5, 191, 155,  80, 168, 190, 123, 148], device='cuda:0') tensor([ 60, 174, 120,  16, 155,  80, 168, 190, 126, 142], device='cuda:0') tensor(6, device='cuda:0') out of 10
train Loss: 1.3260 Acc: 0.6813
1 / 19 0 seconds
ETA: 0:00:07
tensor([ 27, 108, 162,   5, 197, 175, 150,  71,  36, 149], device='cuda:0') tensor([ 27, 108, 162, 121,  27, 175, 150,  45,  32, 149], device='cuda:0') tensor(6, device='cuda:0') out of 10
val Loss: 1.3801 Acc: 0.6534

Epoch 72/99
----------
Labeled run
1 / 132 0 seconds
ETA: 0:00:43
tensor([ 82, 107,  44,  97,  48, 171,  31, 158, 172,  30], device='cuda:0') tensor([ 82, 107,  44,  97,  48, 171,  31, 158, 172,  70], device='cuda:0') tensor(9, device='cuda:0') out of 10
train Loss: 1.2629 Acc: 0.6913
1 / 19 0 seconds
ETA: 0:00:06
tensor([152,  36,  29, 103,  78,  24, 188,  36, 102, 157], device='cuda:0') tensor([152,  38,  29, 103,  78,  24, 188, 161, 102, 157], device='cuda:0') tensor(8, device='cuda:0') out of 10
val Loss: 1.2953 Acc: 0.6816

Epoch 73/99
----------
Labeled run
1 / 132 0 seconds
ETA: 0:00:46
tensor([ 30,  19,  72,  53,   0, 160, 106, 166, 147, 104], device='cuda:0') tensor([ 30,  19,  80,  53,   0, 174, 106, 166, 113,  91], device='cuda:0') tensor(6, device='cuda:0') out of 10
train Loss: 1.3300 Acc: 0.6858
1 / 19 0 seconds
ETA: 0:00:05
tensor([108, 180, 181, 178,  72, 172,   8, 135,  35, 179], device='cuda:0') tensor([108, 180, 181, 178,  72, 155,  57, 136, 188, 179], device='cuda:0') tensor(6, device='cuda:0') out of 10
val Loss: 1.3549 Acc: 0.6650

Epoch 74/99
----------
Labeled run
1 / 132 0 seconds
ETA: 0:00:39
tensor([147,  69, 194,  32, 146, 142, 142, 164,  39, 101], device='cuda:0') tensor([147, 161, 194,  32,  65, 100, 142, 164,  39, 101], device='cuda:0') tensor(7, device='cuda:0') out of 10
train Loss: 1.2654 Acc: 0.6908
1 / 19 0 seconds
ETA: 0:00:06
tensor([ 91,   7,  24, 101, 179,  73, 197,  91,  17, 183], device='cuda:0') tensor([ 91,   7,  24, 118, 181,  92, 173, 136,  17,  57], device='cuda:0') tensor(4, device='cuda:0') out of 10
val Loss: 1.2719 Acc: 0.6998

Epoch 75/99
----------
Labeled run
1 / 132 0 seconds
ETA: 0:00:45
tensor([117,  56, 165,  21, 159, 159, 120, 183,  37, 120], device='cuda:0') tensor([ 13,  56, 165,  21, 159, 159, 120, 183,  37, 123], device='cuda:0') tensor(8, device='cuda:0') out of 10
train Loss: 1.3092 Acc: 0.6880
1 / 19 0 seconds
ETA: 0:00:07
tensor([178,  89,  44, 192,  12, 117,  87,  99,  97,  70], device='cuda:0') tensor([160,  89,  59, 192,  12, 117,  87,  99,  97,  70], device='cuda:0') tensor(8, device='cuda:0') out of 10
val Loss: 1.4216 Acc: 0.6468

Epoch 76/99
----------
Labeled run
1 / 132 0 seconds
ETA: 0:00:37
tensor([  8,  92, 153,  75, 101,   0, 163, 169,  74, 174], device='cuda:0') tensor([  8,  92, 153, 147,  40,   0, 163,  43, 180, 174], device='cuda:0') tensor(6, device='cuda:0') out of 10
train Loss: 1.3048 Acc: 0.6821
1 / 19 0 seconds
ETA: 0:00:07
tensor([ 23, 156, 132, 158,  40, 176, 168, 161, 147,  48], device='cuda:0') tensor([105, 156, 132, 158, 102, 176, 108, 199, 153,  48], device='cuda:0') tensor(5, device='cuda:0') out of 10
val Loss: 1.3169 Acc: 0.6899

Epoch 77/99
----------
Labeled run
1 / 132 0 seconds
ETA: 0:00:44
tensor([ 77, 191,  69, 190, 149, 139, 128, 185,  98,  17], device='cuda:0') tensor([ 77, 191,  69,  82, 149, 139, 128, 185,  98,  17], device='cuda:0') tensor(9, device='cuda:0') out of 10
train Loss: 1.2902 Acc: 0.6925
1 / 19 0 seconds
ETA: 0:00:06
tensor([ 71, 176,  27, 175,  36,  71, 152, 156,  69, 154], device='cuda:0') tensor([149, 179,  27, 168,  42,  43, 154, 151,  69, 178], device='cuda:0') tensor(2, device='cuda:0') out of 10
val Loss: 1.5244 Acc: 0.6302

Epoch 78/99
----------
Labeled run
1 / 132 0 seconds
ETA: 0:00:42
tensor([140,  82,  90,  32,  88,  79,  13,  93, 168,  81], device='cuda:0') tensor([140,  82,  77,  32,  45,  79,  53,  93, 168,  81], device='cuda:0') tensor(7, device='cuda:0') out of 10
train Loss: 1.3044 Acc: 0.6844
1 / 19 0 seconds
ETA: 0:00:07
tensor([  4,  13, 192, 163, 132,  36, 138, 115, 114,  49], device='cuda:0') tensor([  4,  13, 192, 137,  14,  36, 179, 115, 114,  49], device='cuda:0') tensor(7, device='cuda:0') out of 10
val Loss: 1.3948 Acc: 0.6584

Epoch 79/99
----------
Labeled run
1 / 132 0 seconds
ETA: 0:00:45
tensor([112, 107,  16, 165,  86,   5,  40, 155, 116,  79], device='cuda:0') tensor([ 13,  29,  16,  95,  86,   5,  40, 155, 128,  79], device='cuda:0') tensor(6, device='cuda:0') out of 10
train Loss: 1.3709 Acc: 0.6837
1 / 19 0 seconds
ETA: 0:00:05
tensor([ 19,  69,  93, 102, 188,   6,  35,  33,  15, 179], device='cuda:0') tensor([ 19,  69,  37, 102, 188,   5,  35,  33,  15, 179], device='cuda:0') tensor(8, device='cuda:0') out of 10
val Loss: 1.4273 Acc: 0.6700

Epoch 80/99
----------
Labeled run
1 / 132 0 seconds
ETA: 0:00:46
tensor([ 87, 138, 122, 165, 192, 168, 130,  89,  43, 119], device='cuda:0') tensor([ 87, 138, 122, 165, 192, 168, 130,  45,  43, 184], device='cuda:0') tensor(8, device='cuda:0') out of 10
train Loss: 1.2793 Acc: 0.6868
1 / 19 0 seconds
ETA: 0:00:06
tensor([ 40,  42,  85, 192, 141, 187, 183,  99,  95, 183], device='cuda:0') tensor([ 46,  42,  85, 197, 141,   3, 183,  99,  95,  36], device='cuda:0') tensor(6, device='cuda:0') out of 10
val Loss: 1.2365 Acc: 0.7148

Epoch 81/99
----------
Labeled run
1 / 132 0 seconds
ETA: 0:00:47
tensor([  0,  93, 101, 168, 156, 171,  82,  73,   7,  72], device='cuda:0') tensor([ 29,  93, 101, 168, 156, 171,  82,  73,   7, 102], device='cuda:0') tensor(8, device='cuda:0') out of 10
train Loss: 1.2691 Acc: 0.6920
1 / 19 0 seconds
ETA: 0:00:07
tensor([188, 138, 181,  12,   9,  53, 116,   1, 116,  11], device='cuda:0') tensor([189, 138, 181, 192,   9,  53, 116,   1, 116,  11], device='cuda:0') tensor(8, device='cuda:0') out of 10
val Loss: 1.4744 Acc: 0.6501

Epoch 82/99
----------
Labeled run
1 / 132 0 seconds
ETA: 0:00:43
tensor([ 42,  40, 162, 167, 159,  35, 142, 178,  78,  69], device='cuda:0') tensor([ 42, 142, 172, 167, 159,  35, 100, 178,  78, 189], device='cuda:0') tensor(6, device='cuda:0') out of 10
train Loss: 1.2749 Acc: 0.6937
1 / 19 0 seconds
ETA: 0:00:06
tensor([ 42, 195,  76,  28, 140, 110,  89,  45,  12, 107], device='cuda:0') tensor([ 42, 108,  76,  28, 140,  76,  89,  45,  12,  33], device='cuda:0') tensor(7, device='cuda:0') out of 10
val Loss: 1.4601 Acc: 0.6600

Epoch 83/99
----------
Labeled run
1 / 132 0 seconds
ETA: 0:00:47
tensor([ 58,  70, 189, 148,  14, 105, 112, 156,  81, 139], device='cuda:0') tensor([ 58,  91, 189, 190,  14, 186, 126, 156,  81, 139], device='cuda:0') tensor(6, device='cuda:0') out of 10
train Loss: 1.2789 Acc: 0.6903
1 / 19 0 seconds
ETA: 0:00:05
tensor([  9,  59,  35,  70, 122, 102, 168,  18,  78,  28], device='cuda:0') tensor([  9,  64,  35,  70, 122, 102, 158,  37,  78,  18], device='cuda:0') tensor(6, device='cuda:0') out of 10
val Loss: 1.3652 Acc: 0.6882

Epoch 84/99
----------
Labeled run
1 / 132 0 seconds
ETA: 0:00:40
tensor([184,  15, 105, 103, 122,  71,  93,  77,  72, 137], device='cuda:0') tensor([184,  15, 105,  20, 162,  71,  93, 153,  72, 137], device='cuda:0') tensor(7, device='cuda:0') out of 10
train Loss: 1.2453 Acc: 0.6927
1 / 19 0 seconds
ETA: 0:00:06
tensor([ 77,  31,  13, 162,  89, 182, 196,   4, 185,  87], device='cuda:0') tensor([156, 108,  13, 123,  51, 102, 196,   4, 185,  87], device='cuda:0') tensor(5, device='cuda:0') out of 10
val Loss: 1.2986 Acc: 0.6949

Epoch 85/99
----------
Labeled run
1 / 132 0 seconds
ETA: 0:00:41
tensor([ 81, 183, 191, 189,   9, 114, 134, 178,  51,  88], device='cuda:0') tensor([ 81, 183, 191, 189,   9, 133, 192, 178,  51,  88], device='cuda:0') tensor(8, device='cuda:0') out of 10
train Loss: 1.3072 Acc: 0.6804
1 / 19 0 seconds
ETA: 0:00:06
tensor([ 75, 191,  17, 110,  95, 153, 119,  68, 156,  19], device='cuda:0') tensor([ 75, 191,  17,  77,  95, 153, 119,  68, 156,  19], device='cuda:0') tensor(9, device='cuda:0') out of 10
val Loss: 1.3561 Acc: 0.6733

Epoch 86/99
----------
Labeled run
1 / 132 0 seconds
ETA: 0:00:53
tensor([ 13,  11, 148,  30, 178, 144, 185, 168, 119,  79], device='cuda:0') tensor([ 13,  11, 148, 177, 178, 144, 185, 168, 119,  79], device='cuda:0') tensor(9, device='cuda:0') out of 10
train Loss: 1.2536 Acc: 0.6972
1 / 19 0 seconds
ETA: 0:00:06
tensor([ 34, 162,  28, 198, 146, 154,  40, 154, 197,  61], device='cuda:0') tensor([ 55, 162,  28, 148, 146, 154, 136, 154, 197, 100], device='cuda:0') tensor(6, device='cuda:0') out of 10
val Loss: 1.4209 Acc: 0.6766

Epoch 87/99
----------
Labeled run
1 / 132 0 seconds
ETA: 0:00:46
tensor([182, 153,  76,  32, 198,  70,  99, 117,   4, 170], device='cuda:0') tensor([182, 153,  76,  82, 198,  70, 137, 117,   4, 170], device='cuda:0') tensor(8, device='cuda:0') out of 10
train Loss: 1.2586 Acc: 0.6920
1 / 19 0 seconds
ETA: 0:00:06
tensor([101,  60,  74, 130,  32,  81,  43,  59, 194, 193], device='cuda:0') tensor([ 38,  57,  74, 149, 108,  76,  43,  65, 130, 193], device='cuda:0') tensor(3, device='cuda:0') out of 10
val Loss: 1.4029 Acc: 0.6584

Epoch 88/99
----------
Labeled run
1 / 132 0 seconds
ETA: 0:00:43
tensor([122,  37,  70,   9, 138, 107,  59,  38,  40, 123], device='cuda:0') tensor([122,  37,  70,   9, 176, 107,  59,  38,  73,  47], device='cuda:0') tensor(7, device='cuda:0') out of 10
train Loss: 1.2953 Acc: 0.6844
1 / 19 0 seconds
ETA: 0:00:08
tensor([153, 159, 113,  66,  63,   7,  28, 175,  95, 182], device='cuda:0') tensor([153, 159, 113,  69,  63,   7,  28, 175,  95, 182], device='cuda:0') tensor(9, device='cuda:0') out of 10
val Loss: 1.3627 Acc: 0.6882

Epoch 89/99
----------
Labeled run
1 / 132 0 seconds
ETA: 0:00:38
tensor([ 46,  57,  90,  64, 169,  54,  56, 100,   5, 186], device='cuda:0') tensor([101,  45,  90, 145, 169,  54,  56, 100,   5, 113], device='cuda:0') tensor(6, device='cuda:0') out of 10
train Loss: 1.2749 Acc: 0.6877
1 / 19 0 seconds
ETA: 0:00:07
tensor([185, 155,  13, 109,  89,  99, 152,  24,  60, 166], device='cuda:0') tensor([185, 155,  13, 109,  51,  99, 154,  24,  70, 199], device='cuda:0') tensor(6, device='cuda:0') out of 10
val Loss: 1.4518 Acc: 0.6733

Epoch 90/99
----------
Labeled run
1 / 132 0 seconds
ETA: 0:00:44
tensor([120,  40,  40,  26, 120,   4, 124,  23,  41, 198], device='cuda:0') tensor([120, 134,  14,  26, 176,  23, 183,  23,  96, 198], device='cuda:0') tensor(4, device='cuda:0') out of 10
train Loss: 1.2310 Acc: 0.7015
1 / 19 0 seconds
ETA: 0:00:05
tensor([113, 101, 185, 163, 150,  41, 175,  81, 106, 117], device='cuda:0') tensor([113,  38, 185, 158, 176,  41, 160,  81, 106, 137], device='cuda:0') tensor(5, device='cuda:0') out of 10
val Loss: 1.4983 Acc: 0.6484

Epoch 91/99
----------
Labeled run
1 / 132 0 seconds
ETA: 0:00:43
tensor([ 48, 175, 119, 172, 195, 151,  92, 149,  22,  30], device='cuda:0') tensor([ 48,  31, 119, 172,  66, 151,  92, 149,  22,  30], device='cuda:0') tensor(8, device='cuda:0') out of 10
train Loss: 1.3105 Acc: 0.6849
1 / 19 0 seconds
ETA: 0:00:07
tensor([161, 109,  24, 122,  36,  91, 156,  43, 125, 126], device='cuda:0') tensor([156, 109,  24, 122,  96,  70, 178, 137, 123, 181], device='cuda:0') tensor(3, device='cuda:0') out of 10
val Loss: 1.3848 Acc: 0.6733

Epoch 92/99
----------
Labeled run
1 / 132 0 seconds
ETA: 0:00:45
tensor([129, 116,  93,  70,  87,  33,   0,  22,  34,  40], device='cuda:0') tensor([ 72, 116,  93,  70,  87,  33,   0,  22,  34, 142], device='cuda:0') tensor(8, device='cuda:0') out of 10
train Loss: 1.2356 Acc: 0.6967
1 / 19 0 seconds
ETA: 0:00:06
tensor([119,  28, 179, 189, 187, 105,  53, 164,  85, 191], device='cuda:0') tensor([119, 135, 179, 189, 187,  63,  53, 163,  85, 191], device='cuda:0') tensor(7, device='cuda:0') out of 10
val Loss: 1.3080 Acc: 0.6882

Epoch 93/99
----------
Labeled run
1 / 132 0 seconds
ETA: 0:00:48
tensor([ 45,  81, 172,  40,  88,  20,  70, 171,  50,  16], device='cuda:0') tensor([ 45,  81, 172,  77,  88,  20,  71, 171,  50,  16], device='cuda:0') tensor(8, device='cuda:0') out of 10
train Loss: 1.2604 Acc: 0.7055
1 / 19 0 seconds
ETA: 0:00:07
tensor([191, 107,  59,  16,  22, 153, 140,  21,  83,   9], device='cuda:0') tensor([191, 107,  62,  68,  24, 153, 140,  21,   1,   9], device='cuda:0') tensor(6, device='cuda:0') out of 10
val Loss: 1.3673 Acc: 0.6750

Epoch 94/99
----------
Labeled run
1 / 132 0 seconds
ETA: 0:00:39
tensor([168,  85,  68,  80,   7, 199, 156,  27,  46,  13], device='cuda:0') tensor([168,  85,  68,   9,  29, 199, 186, 137,  46,  53], device='cuda:0') tensor(5, device='cuda:0') out of 10
train Loss: 1.2917 Acc: 0.6813
1 / 19 0 seconds
ETA: 0:00:06
tensor([ 87, 124,  32, 184,  14,  85, 181, 171,  26, 140], device='cuda:0') tensor([ 45, 124,  32,  62,  14,  85, 181, 172,  26,  63], device='cuda:0') tensor(6, device='cuda:0') out of 10
val Loss: 1.3358 Acc: 0.6849

Epoch 95/99
----------
Labeled run
1 / 132 0 seconds
ETA: 0:00:34
tensor([122, 130,  28, 168,  56, 173, 159,  53,  21,  17], device='cuda:0') tensor([ 77, 130,  28, 168,  56, 173, 159,  53,  21,  17], device='cuda:0') tensor(9, device='cuda:0') out of 10
train Loss: 1.2285 Acc: 0.7022
1 / 19 0 seconds
ETA: 0:00:06
tensor([160,  32, 107,  40, 152,  17,  73,  64,  78,  52], device='cuda:0') tensor([160,  32, 107,  40, 152,  17, 191,  64,  78,  52], device='cuda:0') tensor(9, device='cuda:0') out of 10
val Loss: 1.4447 Acc: 0.6716

Epoch 96/99
----------
Labeled run
1 / 132 0 seconds
ETA: 0:00:44
tensor([103, 110,   4,  40, 196,  81,  83,  81,  54, 100], device='cuda:0') tensor([103, 111,   4, 137, 196, 109,  83,  81,  54,  88], device='cuda:0') tensor(6, device='cuda:0') out of 10
train Loss: 1.2519 Acc: 0.6934
1 / 19 0 seconds
ETA: 0:00:07
tensor([ 90, 149,  96,  43, 165,   6, 197, 192, 122, 164], device='cuda:0') tensor([ 90, 149,  15,  43, 165,   5, 197, 192, 122,  17], device='cuda:0') tensor(7, device='cuda:0') out of 10
val Loss: 1.3176 Acc: 0.6816

Epoch 97/99
----------
Labeled run
1 / 132 0 seconds
ETA: 0:00:47
tensor([ 32,  12, 124, 182,  15,  91,  90, 108, 108, 121], device='cuda:0') tensor([ 30,  26, 124, 173,  82, 107,  90, 108, 108, 121], device='cuda:0') tensor(5, device='cuda:0') out of 10
train Loss: 1.2529 Acc: 0.6908
1 / 19 0 seconds
ETA: 0:00:07
tensor([198,  40, 114,  18,  30, 120,  42,  30,  29,  61], device='cuda:0') tensor([ 27, 199, 114,  18,  30, 130, 178,  20, 146, 100], device='cuda:0') tensor(3, device='cuda:0') out of 10
val Loss: 1.3156 Acc: 0.6866

Epoch 98/99
----------
Labeled run
1 / 132 0 seconds
ETA: 0:00:48
tensor([ 59, 156,  40,  29,  11, 152,  51,  76,  93,  19], device='cuda:0') tensor([ 59, 199,  40,  29,  11, 152,  51,  40,  93,  19], device='cuda:0') tensor(8, device='cuda:0') out of 10
train Loss: 1.2171 Acc: 0.7038
1 / 19 0 seconds
ETA: 0:00:07
tensor([150, 128, 188, 139, 147, 182, 133,  57,  96,  11], device='cuda:0') tensor([150, 128, 188, 139, 147, 182,  92,  57,  15,  11], device='cuda:0') tensor(8, device='cuda:0') out of 10
val Loss: 1.3328 Acc: 0.6816

Epoch 99/99
----------
Labeled run
1 / 132 0 seconds
ETA: 0:00:47
tensor([ 92, 165, 139,  90, 161,  64, 172, 188, 115, 154], device='cuda:0') tensor([ 84, 165, 139, 177, 161,  78, 172, 188, 115, 154], device='cuda:0') tensor(7, device='cuda:0') out of 10
train Loss: 1.2586 Acc: 0.6982
1 / 19 0 seconds
ETA: 0:00:07
tensor([  0,   3, 164, 178,  20,  17,  95, 161,  88,  72], device='cuda:0') tensor([  0,   3, 137,  13,  20,  17,  95, 161,  88,  72], device='cuda:0') tensor(8, device='cuda:0') out of 10
val Loss: 1.4275 Acc: 0.6584

Training complete in 157m 30s
Best val Acc: 0.732749
Test set size: 1206
tensor([140, 188, 192,  49,  23,  28,  83,   9,  98,  89,  73,   8, 117,  76,
         34,  13,  14,  90, 100,   1,  93, 191,  13, 172, 192, 111, 104, 106,
         73, 188,  32,  14], device='cuda:0')
20 / 32 tensor(0.6250, device='cuda:0')
