LR = 0.01, decay every 30 steps with gamma=0.1

Epoch 0/99
----------
1 / 264 0 seconds
ETA: 0:00:50
201 / 264 35 seconds
ETA: 0:00:11
train Loss: 4.5902 Acc: 0.0793
1 / 114 0 seconds
ETA: 0:00:11
val Loss: 3.9496 Acc: 0.1553
UPDATE: 0.0 to tensor(0.1553, device='cuda:0', dtype=torch.float64)
Saving model to /users/tjiang12/scratch/resnet50_CUB200_100_2020-11-30 18:29:29.931622

Epoch 1/99
----------
1 / 264 0 seconds
ETA: 0:00:20
201 / 264 29 seconds
ETA: 0:00:09
train Loss: 3.5337 Acc: 0.1927
1 / 114 0 seconds
ETA: 0:00:08
val Loss: 3.2410 Acc: 0.2371
UPDATE: tensor(0.1553, device='cuda:0', dtype=torch.float64) to tensor(0.2371, device='cuda:0', dtype=torch.float64)
Saving model to /users/tjiang12/scratch/resnet50_CUB200_100_2020-11-30 18:29:29.931622

Epoch 2/99
----------
1 / 264 0 seconds
ETA: 0:00:21
201 / 264 30 seconds
ETA: 0:00:09
train Loss: 2.9530 Acc: 0.2829
1 / 114 0 seconds
ETA: 0:00:09
val Loss: 3.1617 Acc: 0.2659
UPDATE: tensor(0.2371, device='cuda:0', dtype=torch.float64) to tensor(0.2659, device='cuda:0', dtype=torch.float64)
Saving model to /users/tjiang12/scratch/resnet50_CUB200_100_2020-11-30 18:29:29.931622

Epoch 3/99
----------
1 / 264 0 seconds
ETA: 0:00:21
201 / 264 29 seconds
ETA: 0:00:09
train Loss: 2.7111 Acc: 0.3428
1 / 114 0 seconds
ETA: 0:00:08
val Loss: 2.9735 Acc: 0.3173
UPDATE: tensor(0.2659, device='cuda:0', dtype=torch.float64) to tensor(0.3173, device='cuda:0', dtype=torch.float64)
Saving model to /users/tjiang12/scratch/resnet50_CUB200_100_2020-11-30 18:29:29.931622

Epoch 4/99
----------
1 / 264 0 seconds
ETA: 0:00:19
201 / 264 29 seconds
ETA: 0:00:09
train Loss: 2.4401 Acc: 0.3989
1 / 114 0 seconds
ETA: 0:00:09
val Loss: 2.9059 Acc: 0.3190
UPDATE: tensor(0.3173, device='cuda:0', dtype=torch.float64) to tensor(0.3190, device='cuda:0', dtype=torch.float64)
Saving model to /users/tjiang12/scratch/resnet50_CUB200_100_2020-11-30 18:29:29.931622

Epoch 5/99
----------
1 / 264 0 seconds
ETA: 0:00:20
201 / 264 29 seconds
ETA: 0:00:09
train Loss: 2.2271 Acc: 0.4311
1 / 114 0 seconds
ETA: 0:00:08
val Loss: 3.5595 Acc: 0.3046

Epoch 6/99
----------
1 / 264 0 seconds
ETA: 0:00:19
201 / 264 29 seconds
ETA: 0:00:09
train Loss: 2.0828 Acc: 0.4692
1 / 114 0 seconds
ETA: 0:00:08
val Loss: 2.6281 Acc: 0.3615
UPDATE: tensor(0.3190, device='cuda:0', dtype=torch.float64) to tensor(0.3615, device='cuda:0', dtype=torch.float64)
Saving model to /users/tjiang12/scratch/resnet50_CUB200_100_2020-11-30 18:29:29.931622

Epoch 7/99
----------
1 / 264 0 seconds
ETA: 0:00:20
201 / 264 29 seconds
ETA: 0:00:09
train Loss: 1.8910 Acc: 0.5083
1 / 114 0 seconds
ETA: 0:00:08
val Loss: 2.6732 Acc: 0.3897
UPDATE: tensor(0.3615, device='cuda:0', dtype=torch.float64) to tensor(0.3897, device='cuda:0', dtype=torch.float64)
Saving model to /users/tjiang12/scratch/resnet50_CUB200_100_2020-11-30 18:29:29.931622

Epoch 8/99
----------
1 / 264 0 seconds
ETA: 0:00:19
201 / 264 29 seconds
ETA: 0:00:09
train Loss: 1.7754 Acc: 0.5384
1 / 114 0 seconds
ETA: 0:00:09
val Loss: 2.5824 Acc: 0.4091
UPDATE: tensor(0.3897, device='cuda:0', dtype=torch.float64) to tensor(0.4091, device='cuda:0', dtype=torch.float64)
Saving model to /users/tjiang12/scratch/resnet50_CUB200_100_2020-11-30 18:29:29.931622

Epoch 9/99
----------
1 / 264 0 seconds
ETA: 0:00:19
201 / 264 29 seconds
ETA: 0:00:09
train Loss: 1.7052 Acc: 0.5582
1 / 114 0 seconds
ETA: 0:00:08
val Loss: 2.3404 Acc: 0.4511
UPDATE: tensor(0.4091, device='cuda:0', dtype=torch.float64) to tensor(0.4511, device='cuda:0', dtype=torch.float64)
Saving model to /users/tjiang12/scratch/resnet50_CUB200_100_2020-11-30 18:29:29.931622

Epoch 10/99
----------
1 / 264 0 seconds
ETA: 0:00:19
201 / 264 29 seconds
ETA: 0:00:09
train Loss: 1.6590 Acc: 0.5762
1 / 114 0 seconds
ETA: 0:00:09
val Loss: 2.5704 Acc: 0.4174

Epoch 11/99
----------
1 / 264 0 seconds
ETA: 0:00:22
201 / 264 29 seconds
ETA: 0:00:09
train Loss: 1.5293 Acc: 0.6084
1 / 114 0 seconds
ETA: 0:00:08
val Loss: 2.4655 Acc: 0.4472

Epoch 12/99
----------
1 / 264 0 seconds
ETA: 0:00:20
201 / 264 29 seconds
ETA: 0:00:09
train Loss: 1.4274 Acc: 0.6271
1 / 114 0 seconds
ETA: 0:00:08
val Loss: 2.3825 Acc: 0.4544
UPDATE: tensor(0.4511, device='cuda:0', dtype=torch.float64) to tensor(0.4544, device='cuda:0', dtype=torch.float64)
Saving model to /users/tjiang12/scratch/resnet50_CUB200_100_2020-11-30 18:29:29.931622

Epoch 13/99
----------
1 / 264 0 seconds
ETA: 0:00:20
201 / 264 29 seconds
ETA: 0:00:09
train Loss: 1.4371 Acc: 0.6288
1 / 114 0 seconds
ETA: 0:00:07
val Loss: 2.3139 Acc: 0.4776
UPDATE: tensor(0.4544, device='cuda:0', dtype=torch.float64) to tensor(0.4776, device='cuda:0', dtype=torch.float64)
Saving model to /users/tjiang12/scratch/resnet50_CUB200_100_2020-11-30 18:29:29.931622

Epoch 14/99
----------
1 / 264 0 seconds
ETA: 0:00:19
201 / 264 29 seconds
ETA: 0:00:09
train Loss: 1.3279 Acc: 0.6510
1 / 114 0 seconds
ETA: 0:00:08
val Loss: 2.3825 Acc: 0.4693

Epoch 15/99
----------
1 / 264 0 seconds
ETA: 0:00:19
201 / 264 29 seconds
ETA: 0:00:09
train Loss: 1.2198 Acc: 0.6795
1 / 114 0 seconds
ETA: 0:00:08
val Loss: 2.2412 Acc: 0.4903
UPDATE: tensor(0.4776, device='cuda:0', dtype=torch.float64) to tensor(0.4903, device='cuda:0', dtype=torch.float64)
Saving model to /users/tjiang12/scratch/resnet50_CUB200_100_2020-11-30 18:29:29.931622

Epoch 16/99
----------
1 / 264 0 seconds
ETA: 0:00:20
201 / 264 29 seconds
ETA: 0:00:09
train Loss: 1.2403 Acc: 0.6747
1 / 114 0 seconds
ETA: 0:00:08
val Loss: 2.1521 Acc: 0.5141
UPDATE: tensor(0.4903, device='cuda:0', dtype=torch.float64) to tensor(0.5141, device='cuda:0', dtype=torch.float64)
Saving model to /users/tjiang12/scratch/resnet50_CUB200_100_2020-11-30 18:29:29.931622

Epoch 17/99
----------
1 / 264 0 seconds
ETA: 0:00:19
201 / 264 29 seconds
ETA: 0:00:09
train Loss: 1.2004 Acc: 0.6925
1 / 114 0 seconds
ETA: 0:00:08
val Loss: 2.2123 Acc: 0.5064

Epoch 18/99
----------
1 / 264 0 seconds
ETA: 0:00:19
201 / 264 29 seconds
ETA: 0:00:09
train Loss: 1.1453 Acc: 0.6982
1 / 114 0 seconds
ETA: 0:00:08
val Loss: 2.2330 Acc: 0.5058

Epoch 19/99
----------
1 / 264 0 seconds
ETA: 0:00:20
201 / 264 29 seconds
ETA: 0:00:09
train Loss: 1.1133 Acc: 0.7095
1 / 114 0 seconds
ETA: 0:00:08
val Loss: 2.1917 Acc: 0.5064

Epoch 20/99
----------
1 / 264 0 seconds
ETA: 0:00:20
201 / 264 29 seconds
ETA: 0:00:09
train Loss: 1.0342 Acc: 0.7311
1 / 114 0 seconds
ETA: 0:00:08
val Loss: 2.1718 Acc: 0.5102

Epoch 21/99
----------
1 / 264 0 seconds
ETA: 0:00:20
201 / 264 29 seconds
ETA: 0:00:09
train Loss: 1.0375 Acc: 0.7351
1 / 114 0 seconds
ETA: 0:00:09
val Loss: 2.1364 Acc: 0.5368
UPDATE: tensor(0.5141, device='cuda:0', dtype=torch.float64) to tensor(0.5368, device='cuda:0', dtype=torch.float64)
Saving model to /users/tjiang12/scratch/resnet50_CUB200_100_2020-11-30 18:29:29.931622

Epoch 22/99
----------
1 / 264 0 seconds
ETA: 0:00:21
201 / 264 29 seconds
ETA: 0:00:09
train Loss: 0.9582 Acc: 0.7467
1 / 114 0 seconds
ETA: 0:00:08
val Loss: 2.1438 Acc: 0.5196

Epoch 23/99
----------
1 / 264 0 seconds
ETA: 0:00:20
201 / 264 29 seconds
ETA: 0:00:09
train Loss: 0.9867 Acc: 0.7403
1 / 114 0 seconds
ETA: 0:00:08
val Loss: 2.2160 Acc: 0.5169

Epoch 24/99
----------
1 / 264 0 seconds
ETA: 0:00:20
201 / 264 29 seconds
ETA: 0:00:09
train Loss: 0.8994 Acc: 0.7625
1 / 114 0 seconds
ETA: 0:00:08
val Loss: 2.2545 Acc: 0.5279

Epoch 25/99
----------
1 / 264 0 seconds
ETA: 0:00:21
201 / 264 29 seconds
ETA: 0:00:09
train Loss: 0.9418 Acc: 0.7536
1 / 114 0 seconds
ETA: 0:00:08
val Loss: 2.3480 Acc: 0.5246

Epoch 26/99
----------
1 / 264 0 seconds
ETA: 0:00:20
201 / 264 29 seconds
ETA: 0:00:09
train Loss: 0.8482 Acc: 0.7765
1 / 114 0 seconds
ETA: 0:00:08
val Loss: 2.2237 Acc: 0.5351

Epoch 27/99
----------
1 / 264 0 seconds
ETA: 0:00:19
201 / 264 29 seconds
ETA: 0:00:09
train Loss: 0.7837 Acc: 0.7962
1 / 114 0 seconds
ETA: 0:00:08
val Loss: 2.2675 Acc: 0.5141

Epoch 28/99
----------
1 / 264 0 seconds
ETA: 0:00:20
201 / 264 29 seconds
ETA: 0:00:09
train Loss: 0.8207 Acc: 0.7888
1 / 114 0 seconds
ETA: 0:00:09
val Loss: 2.1225 Acc: 0.5384
UPDATE: tensor(0.5368, device='cuda:0', dtype=torch.float64) to tensor(0.5384, device='cuda:0', dtype=torch.float64)
Saving model to /users/tjiang12/scratch/resnet50_CUB200_100_2020-11-30 18:29:29.931622

Epoch 29/99
----------
1 / 264 0 seconds
ETA: 0:00:20
201 / 264 29 seconds
ETA: 0:00:09
train Loss: 0.7454 Acc: 0.8101
1 / 114 0 seconds
ETA: 0:00:08
val Loss: 2.0893 Acc: 0.5556
UPDATE: tensor(0.5384, device='cuda:0', dtype=torch.float64) to tensor(0.5556, device='cuda:0', dtype=torch.float64)
Saving model to /users/tjiang12/scratch/resnet50_CUB200_100_2020-11-30 18:29:29.931622

Epoch 30/99
----------
1 / 264 0 seconds
ETA: 0:00:19
201 / 264 29 seconds
ETA: 0:00:09
train Loss: 0.5857 Acc: 0.8558
1 / 114 0 seconds
ETA: 0:00:08
val Loss: 1.8317 Acc: 0.5970
UPDATE: tensor(0.5556, device='cuda:0', dtype=torch.float64) to tensor(0.5970, device='cuda:0', dtype=torch.float64)
Saving model to /users/tjiang12/scratch/resnet50_CUB200_100_2020-11-30 18:29:29.931622

Epoch 31/99
----------
1 / 264 0 seconds
ETA: 0:00:20
201 / 264 29 seconds
ETA: 0:00:09
train Loss: 0.5039 Acc: 0.8705
1 / 114 0 seconds
ETA: 0:00:08
val Loss: 1.8151 Acc: 0.6014
UPDATE: tensor(0.5970, device='cuda:0', dtype=torch.float64) to tensor(0.6014, device='cuda:0', dtype=torch.float64)
Saving model to /users/tjiang12/scratch/resnet50_CUB200_100_2020-11-30 18:29:29.931622

Epoch 32/99
----------
1 / 264 0 seconds
ETA: 0:00:19
201 / 264 29 seconds
ETA: 0:00:09
train Loss: 0.5188 Acc: 0.8736
1 / 114 0 seconds
ETA: 0:00:08
val Loss: 1.8036 Acc: 0.6048
UPDATE: tensor(0.6014, device='cuda:0', dtype=torch.float64) to tensor(0.6048, device='cuda:0', dtype=torch.float64)
Saving model to /users/tjiang12/scratch/resnet50_CUB200_100_2020-11-30 18:29:29.931622

Epoch 33/99
----------
1 / 264 0 seconds
ETA: 0:00:21
201 / 264 29 seconds
ETA: 0:00:09
train Loss: 0.4849 Acc: 0.8809
1 / 114 0 seconds
ETA: 0:00:08
val Loss: 1.7074 Acc: 0.6258
UPDATE: tensor(0.6048, device='cuda:0', dtype=torch.float64) to tensor(0.6258, device='cuda:0', dtype=torch.float64)
Saving model to /users/tjiang12/scratch/resnet50_CUB200_100_2020-11-30 18:29:29.931622

Epoch 34/99
----------
1 / 264 0 seconds
ETA: 0:00:21
201 / 264 29 seconds
ETA: 0:00:09
train Loss: 0.4170 Acc: 0.8954
1 / 114 0 seconds
ETA: 0:00:08
val Loss: 1.6764 Acc: 0.6385
UPDATE: tensor(0.6258, device='cuda:0', dtype=torch.float64) to tensor(0.6385, device='cuda:0', dtype=torch.float64)
Saving model to /users/tjiang12/scratch/resnet50_CUB200_100_2020-11-30 18:29:29.931622

Epoch 35/99
----------
1 / 264 0 seconds
ETA: 0:00:20
201 / 264 29 seconds
ETA: 0:00:09
train Loss: 0.4225 Acc: 0.8975
1 / 114 0 seconds
ETA: 0:00:09
val Loss: 1.7391 Acc: 0.6208

Epoch 36/99
----------
1 / 264 0 seconds
ETA: 0:00:21
201 / 264 29 seconds
ETA: 0:00:09
train Loss: 0.4350 Acc: 0.8894
1 / 114 0 seconds
ETA: 0:00:09
val Loss: 1.7126 Acc: 0.6313

Epoch 37/99
----------
1 / 264 0 seconds
ETA: 0:00:20
201 / 264 29 seconds
ETA: 0:00:09
train Loss: 0.4451 Acc: 0.8939
1 / 114 0 seconds
ETA: 0:00:08
val Loss: 1.8170 Acc: 0.6153

Epoch 38/99
----------
1 / 264 0 seconds
ETA: 0:00:19
201 / 264 29 seconds
ETA: 0:00:09
train Loss: 0.4291 Acc: 0.8925
1 / 114 0 seconds
ETA: 0:00:08
val Loss: 1.7338 Acc: 0.6396
UPDATE: tensor(0.6385, device='cuda:0', dtype=torch.float64) to tensor(0.6396, device='cuda:0', dtype=torch.float64)
Saving model to /users/tjiang12/scratch/resnet50_CUB200_100_2020-11-30 18:29:29.931622

Epoch 39/99
----------
1 / 264 0 seconds
ETA: 0:00:20
201 / 264 29 seconds
ETA: 0:00:09
train Loss: 0.4011 Acc: 0.9070
1 / 114 0 seconds
ETA: 0:00:08
val Loss: 1.8200 Acc: 0.6208

Epoch 40/99
----------
1 / 264 0 seconds
ETA: 0:00:19
201 / 264 29 seconds
ETA: 0:00:09
train Loss: 0.3916 Acc: 0.9008
1 / 114 0 seconds
ETA: 0:00:09
val Loss: 1.7070 Acc: 0.6352

Epoch 41/99
----------
1 / 264 0 seconds
ETA: 0:00:20
201 / 264 29 seconds
ETA: 0:00:09
train Loss: 0.4113 Acc: 0.8965
1 / 114 0 seconds
ETA: 0:00:08
val Loss: 1.7301 Acc: 0.6307

Epoch 42/99
----------
1 / 264 0 seconds
ETA: 0:00:21
201 / 264 29 seconds
ETA: 0:00:09
train Loss: 0.4080 Acc: 0.9022
1 / 114 0 seconds
ETA: 0:00:08
val Loss: 1.7372 Acc: 0.6401
UPDATE: tensor(0.6396, device='cuda:0', dtype=torch.float64) to tensor(0.6401, device='cuda:0', dtype=torch.float64)
Saving model to /users/tjiang12/scratch/resnet50_CUB200_100_2020-11-30 18:29:29.931622

Epoch 43/99
----------
1 / 264 0 seconds
ETA: 0:00:20
201 / 264 29 seconds
ETA: 0:00:09
train Loss: 0.3877 Acc: 0.9010
1 / 114 0 seconds
ETA: 0:00:09
val Loss: 1.7828 Acc: 0.6368

Epoch 44/99
----------
1 / 264 0 seconds
ETA: 0:00:21
201 / 264 29 seconds
ETA: 0:00:09
train Loss: 0.3886 Acc: 0.9025
1 / 114 0 seconds
ETA: 0:00:08
val Loss: 1.7618 Acc: 0.6335

Epoch 45/99
----------
1 / 264 0 seconds
ETA: 0:00:20
201 / 264 29 seconds
ETA: 0:00:09
train Loss: 0.3494 Acc: 0.9091
1 / 114 0 seconds
ETA: 0:00:08
val Loss: 1.7230 Acc: 0.6341

Epoch 46/99
----------
1 / 264 0 seconds
ETA: 0:00:19
201 / 264 29 seconds
ETA: 0:00:09
train Loss: 0.3756 Acc: 0.9074
1 / 114 0 seconds
ETA: 0:00:08
val Loss: 1.7051 Acc: 0.6468
UPDATE: tensor(0.6401, device='cuda:0', dtype=torch.float64) to tensor(0.6468, device='cuda:0', dtype=torch.float64)
Saving model to /users/tjiang12/scratch/resnet50_CUB200_100_2020-11-30 18:29:29.931622

Epoch 47/99
----------
1 / 264 0 seconds
ETA: 0:00:21
201 / 264 29 seconds
ETA: 0:00:09
train Loss: 0.3852 Acc: 0.9039
1 / 114 0 seconds
ETA: 0:00:08
val Loss: 1.7753 Acc: 0.6346

Epoch 48/99
----------
1 / 264 0 seconds
ETA: 0:00:20
201 / 264 29 seconds
ETA: 0:00:09
train Loss: 0.3748 Acc: 0.9029
1 / 114 0 seconds
ETA: 0:00:08
val Loss: 1.7730 Acc: 0.6274

Epoch 49/99
----------
1 / 264 0 seconds
ETA: 0:00:20
201 / 264 29 seconds
ETA: 0:00:09
train Loss: 0.3864 Acc: 0.9067
1 / 114 0 seconds
ETA: 0:00:08
val Loss: 1.7717 Acc: 0.6263

Epoch 50/99
----------
1 / 264 0 seconds
ETA: 0:00:21
201 / 264 29 seconds
ETA: 0:00:09
train Loss: 0.3808 Acc: 0.9055
1 / 114 0 seconds
ETA: 0:00:08
val Loss: 1.7599 Acc: 0.6368

Epoch 51/99
----------
1 / 264 0 seconds
ETA: 0:00:20
201 / 264 29 seconds
ETA: 0:00:09
train Loss: 0.3256 Acc: 0.9233
1 / 114 0 seconds
ETA: 0:00:08
val Loss: 1.7499 Acc: 0.6219

Epoch 52/99
----------
1 / 264 0 seconds
ETA: 0:00:20
201 / 264 29 seconds
ETA: 0:00:09
train Loss: 0.3753 Acc: 0.9036
1 / 114 0 seconds
ETA: 0:00:08
val Loss: 1.7481 Acc: 0.6368

Epoch 53/99
----------
1 / 264 0 seconds
ETA: 0:00:19
201 / 264 29 seconds
ETA: 0:00:09
train Loss: 0.3824 Acc: 0.9100
1 / 114 0 seconds
ETA: 0:00:09
val Loss: 1.6882 Acc: 0.6313

Epoch 54/99
----------
1 / 264 0 seconds
ETA: 0:00:20
201 / 264 29 seconds
ETA: 0:00:09
train Loss: 0.3552 Acc: 0.9138
1 / 114 0 seconds
ETA: 0:00:08
val Loss: 1.6631 Acc: 0.6462

Epoch 55/99
----------
1 / 264 0 seconds
ETA: 0:00:20
201 / 264 29 seconds
ETA: 0:00:09
train Loss: 0.3597 Acc: 0.9119
1 / 114 0 seconds
ETA: 0:00:09
val Loss: 1.6993 Acc: 0.6434

Epoch 56/99
----------
1 / 264 0 seconds
ETA: 0:00:19
201 / 264 29 seconds
ETA: 0:00:09
train Loss: 0.3276 Acc: 0.9176
1 / 114 0 seconds
ETA: 0:00:09
val Loss: 1.7217 Acc: 0.6468

Epoch 57/99
----------
1 / 264 0 seconds
ETA: 0:00:20
201 / 264 29 seconds
ETA: 0:00:09
train Loss: 0.3661 Acc: 0.9119
1 / 114 0 seconds
ETA: 0:00:08
val Loss: 1.7668 Acc: 0.6235

Epoch 58/99
----------
1 / 264 0 seconds
ETA: 0:00:20
201 / 264 29 seconds
ETA: 0:00:09
train Loss: 0.3517 Acc: 0.9148
1 / 114 0 seconds
ETA: 0:00:09
val Loss: 1.6910 Acc: 0.6523
UPDATE: tensor(0.6468, device='cuda:0', dtype=torch.float64) to tensor(0.6523, device='cuda:0', dtype=torch.float64)
Saving model to /users/tjiang12/scratch/resnet50_CUB200_100_2020-11-30 18:29:29.931622

Epoch 59/99
----------
1 / 264 0 seconds
ETA: 0:00:19
201 / 264 29 seconds
ETA: 0:00:09
train Loss: 0.3436 Acc: 0.9150
1 / 114 0 seconds
ETA: 0:00:08
val Loss: 1.7563 Acc: 0.6318

Epoch 60/99
----------
1 / 264 0 seconds
ETA: 0:00:20
201 / 264 29 seconds
ETA: 0:00:09
train Loss: 0.3547 Acc: 0.9174
1 / 114 0 seconds
ETA: 0:00:08
val Loss: 1.7785 Acc: 0.6341

Epoch 61/99
----------
1 / 264 0 seconds
ETA: 0:00:19
201 / 264 29 seconds
ETA: 0:00:09
train Loss: 0.3454 Acc: 0.9160
1 / 114 0 seconds
ETA: 0:00:08
val Loss: 1.6921 Acc: 0.6423

Epoch 62/99
----------
1 / 264 0 seconds
ETA: 0:00:19
201 / 264 29 seconds
ETA: 0:00:09
train Loss: 0.3334 Acc: 0.9169
1 / 114 0 seconds
ETA: 0:00:09
val Loss: 1.7310 Acc: 0.6484

Epoch 63/99
----------
1 / 264 0 seconds
ETA: 0:00:20
201 / 264 29 seconds
ETA: 0:00:09
train Loss: 0.3350 Acc: 0.9162
1 / 114 0 seconds
ETA: 0:00:08
val Loss: 1.7000 Acc: 0.6379

Epoch 64/99
----------
1 / 264 0 seconds
ETA: 0:00:20
201 / 264 29 seconds
ETA: 0:00:09
train Loss: 0.3267 Acc: 0.9207
1 / 114 0 seconds
ETA: 0:00:08
val Loss: 1.7454 Acc: 0.6412

Epoch 65/99
----------
1 / 264 0 seconds
ETA: 0:00:20
201 / 264 29 seconds
ETA: 0:00:09
train Loss: 0.3428 Acc: 0.9145
1 / 114 0 seconds
ETA: 0:00:08
val Loss: 1.7189 Acc: 0.6540
UPDATE: tensor(0.6523, device='cuda:0', dtype=torch.float64) to tensor(0.6540, device='cuda:0', dtype=torch.float64)
Saving model to /users/tjiang12/scratch/resnet50_CUB200_100_2020-11-30 18:29:29.931622

Epoch 66/99
----------
1 / 264 0 seconds
ETA: 0:00:20
201 / 264 29 seconds
ETA: 0:00:09
train Loss: 0.3332 Acc: 0.9152
1 / 114 0 seconds
ETA: 0:00:08
val Loss: 1.7900 Acc: 0.6318

Epoch 67/99
----------
1 / 264 0 seconds
ETA: 0:00:21
201 / 264 29 seconds
ETA: 0:00:09
train Loss: 0.3422 Acc: 0.9124
1 / 114 0 seconds
ETA: 0:00:08
val Loss: 1.8204 Acc: 0.6329

Epoch 68/99
----------
1 / 264 0 seconds
ETA: 0:00:19
201 / 264 29 seconds
ETA: 0:00:09
train Loss: 0.3131 Acc: 0.9268
1 / 114 0 seconds
ETA: 0:00:09
val Loss: 1.6819 Acc: 0.6584
UPDATE: tensor(0.6540, device='cuda:0', dtype=torch.float64) to tensor(0.6584, device='cuda:0', dtype=torch.float64)
Saving model to /users/tjiang12/scratch/resnet50_CUB200_100_2020-11-30 18:29:29.931622

Epoch 69/99
----------
1 / 264 0 seconds
ETA: 0:00:20
201 / 264 29 seconds
ETA: 0:00:09
train Loss: 0.3423 Acc: 0.9134
1 / 114 0 seconds
ETA: 0:00:09
val Loss: 1.7481 Acc: 0.6379

Epoch 70/99
----------
1 / 264 0 seconds
ETA: 0:00:19
201 / 264 29 seconds
ETA: 0:00:09
train Loss: 0.3338 Acc: 0.9171
1 / 114 0 seconds
ETA: 0:00:08
val Loss: 1.7864 Acc: 0.6346

Epoch 71/99
----------
1 / 264 0 seconds
ETA: 0:00:19
201 / 264 29 seconds
ETA: 0:00:09
train Loss: 0.3177 Acc: 0.9250
1 / 114 0 seconds
ETA: 0:00:08
val Loss: 1.7057 Acc: 0.6468

Epoch 72/99
----------
1 / 264 0 seconds
ETA: 0:00:19
201 / 264 29 seconds
ETA: 0:00:09
train Loss: 0.3298 Acc: 0.9226
1 / 114 0 seconds
ETA: 0:00:08
val Loss: 1.6989 Acc: 0.6468

Epoch 73/99
----------
1 / 264 0 seconds
ETA: 0:00:19
201 / 264 29 seconds
ETA: 0:00:09
train Loss: 0.3263 Acc: 0.9195
1 / 114 0 seconds
ETA: 0:00:08
val Loss: 1.7067 Acc: 0.6457

Epoch 74/99
----------
1 / 264 0 seconds
ETA: 0:00:18
201 / 264 29 seconds
ETA: 0:00:09
train Loss: 0.3295 Acc: 0.9162
1 / 114 0 seconds
ETA: 0:00:08
val Loss: 1.7961 Acc: 0.6368

Epoch 75/99
----------
1 / 264 0 seconds
ETA: 0:00:19
201 / 264 29 seconds
ETA: 0:00:09
train Loss: 0.3338 Acc: 0.9183
1 / 114 0 seconds
ETA: 0:00:08
val Loss: 1.8034 Acc: 0.6390

Epoch 76/99
----------
1 / 264 0 seconds
ETA: 0:00:19
201 / 264 29 seconds
ETA: 0:00:09
train Loss: 0.3300 Acc: 0.9186
1 / 114 0 seconds
ETA: 0:00:08
val Loss: 1.6831 Acc: 0.6407

Epoch 77/99
----------
1 / 264 0 seconds
ETA: 0:00:21
201 / 264 29 seconds
ETA: 0:00:08
val Loss: 1.7484 Acc: 0.6534

Epoch 79/99
----------
1 / 264 0 seconds
ETA: 0:00:19
201 / 264 29 seconds
ETA: 0:00:09
train Loss: 0.3350 Acc: 0.9138
1 / 114 0 seconds
ETA: 0:00:09
val Loss: 1.7692 Acc: 0.6390